{"/home/notarget/Vscode/DATN/BE_CODE/app/config/config-jwt.js": {"path":"/home/notarget/Vscode/DATN/BE_CODE/app/config/config-jwt.js","statementMap":{"0":{"start":{"line":1,"column":0},"end":{"line":3,"column":2}}},"fnMap":{},"branchMap":{},"s":{"0":1},"f":{},"b":{},"_coverageSchema":"1a1c01bbd47fc00a2c39e90264f33305004495a9","hash":"f67c1f81d823041a2ca5cae0da890c87597a8a53"}
,"/home/notarget/Vscode/DATN/BE_CODE/app/config/db.config.js": {"path":"/home/notarget/Vscode/DATN/BE_CODE/app/config/db.config.js","statementMap":{"0":{"start":{"line":1,"column":0},"end":{"line":3,"column":3}},"1":{"start":{"line":7,"column":0},"end":{"line":20,"column":2}}},"fnMap":{},"branchMap":{},"s":{"0":6,"1":6},"f":{},"b":{},"_coverageSchema":"1a1c01bbd47fc00a2c39e90264f33305004495a9","hash":"90fdf80b59a8d75c1816563760182d00b27ccc7f"}
,"/home/notarget/Vscode/DATN/BE_CODE/app/models/database.js": {"path":"/home/notarget/Vscode/DATN/BE_CODE/app/models/database.js","statementMap":{"0":{"start":{"line":1,"column":16},"end":{"line":10,"column":1}},"1":{"start":{"line":12,"column":0},"end":{"line":12,"column":25}}},"fnMap":{},"branchMap":{},"s":{"0":6,"1":6},"f":{},"b":{},"_coverageSchema":"1a1c01bbd47fc00a2c39e90264f33305004495a9","hash":"536555c2dbdbeb6d24b764547ee77a122ae5e925"}
,"/home/notarget/Vscode/DATN/BE_CODE/app/models/department.js": {"path":"/home/notarget/Vscode/DATN/BE_CODE/app/models/department.js","statementMap":{"0":{"start":{"line":1,"column":16},"end":{"line":1,"column":37}},"1":{"start":{"line":2,"column":22},"end":{"line":2,"column":42}},"2":{"start":{"line":4,"column":0},"end":{"line":24,"column":2}},"3":{"start":{"line":5,"column":18},"end":{"line":21,"column":3}},"4":{"start":{"line":23,"column":2},"end":{"line":23,"column":17}}},"fnMap":{"0":{"name":"(anonymous_0)","decl":{"start":{"line":4,"column":17},"end":{"line":4,"column":18}},"loc":{"start":{"line":4,"column":43},"end":{"line":24,"column":1}},"line":4}},"branchMap":{},"s":{"0":6,"1":6,"2":6,"3":6,"4":6},"f":{"0":6},"b":{},"_coverageSchema":"1a1c01bbd47fc00a2c39e90264f33305004495a9","hash":"ce88c251d9dc12abb594b19f6808f6f805244747"}
,"/home/notarget/Vscode/DATN/BE_CODE/app/models/index.js": {"path":"/home/notarget/Vscode/DATN/BE_CODE/app/models/index.js","statementMap":{"0":{"start":{"line":1,"column":22},"end":{"line":1,"column":55}},"1":{"start":{"line":2,"column":18},"end":{"line":2,"column":38}},"2":{"start":{"line":4,"column":18},"end":{"line":19,"column":1}},"3":{"start":{"line":21,"column":17},"end":{"line":21,"column":19}},"4":{"start":{"line":22,"column":0},"end":{"line":22,"column":31}},"5":{"start":{"line":23,"column":0},"end":{"line":23,"column":31}},"6":{"start":{"line":24,"column":0},"end":{"line":24,"column":59}},"7":{"start":{"line":25,"column":0},"end":{"line":25,"column":65}},"8":{"start":{"line":26,"column":0},"end":{"line":26,"column":75}},"9":{"start":{"line":27,"column":0},"end":{"line":27,"column":59}},"10":{"start":{"line":28,"column":0},"end":{"line":28,"column":67}},"11":{"start":{"line":29,"column":0},"end":{"line":29,"column":71}},"12":{"start":{"line":30,"column":0},"end":{"line":30,"column":75}},"13":{"start":{"line":33,"column":0},"end":{"line":38,"column":3}},"14":{"start":{"line":39,"column":0},"end":{"line":44,"column":3}},"15":{"start":{"line":47,"column":0},"end":{"line":51,"column":3}},"16":{"start":{"line":54,"column":0},"end":{"line":58,"column":3}},"17":{"start":{"line":61,"column":0},"end":{"line":65,"column":3}},"18":{"start":{"line":66,"column":0},"end":{"line":70,"column":3}},"19":{"start":{"line":82,"column":0},"end":{"line":82,"column":26}}},"fnMap":{},"branchMap":{},"s":{"0":6,"1":6,"2":6,"3":6,"4":6,"5":6,"6":6,"7":6,"8":6,"9":6,"10":6,"11":6,"12":6,"13":6,"14":6,"15":6,"16":6,"17":6,"18":6,"19":6},"f":{},"b":{},"_coverageSchema":"1a1c01bbd47fc00a2c39e90264f33305004495a9","hash":"c4e44d3d1abd6712f4590c4a1b4544add98d6f04"}
,"/home/notarget/Vscode/DATN/BE_CODE/app/models/notification.js": {"path":"/home/notarget/Vscode/DATN/BE_CODE/app/models/notification.js","statementMap":{"0":{"start":{"line":1,"column":16},"end":{"line":1,"column":37}},"1":{"start":{"line":2,"column":22},"end":{"line":2,"column":42}},"2":{"start":{"line":4,"column":0},"end":{"line":35,"column":2}},"3":{"start":{"line":5,"column":23},"end":{"line":32,"column":3}},"4":{"start":{"line":34,"column":2},"end":{"line":34,"column":22}}},"fnMap":{"0":{"name":"(anonymous_0)","decl":{"start":{"line":4,"column":17},"end":{"line":4,"column":18}},"loc":{"start":{"line":4,"column":43},"end":{"line":35,"column":1}},"line":4}},"branchMap":{},"s":{"0":6,"1":6,"2":6,"3":6,"4":6},"f":{"0":6},"b":{},"_coverageSchema":"1a1c01bbd47fc00a2c39e90264f33305004495a9","hash":"3106e636664b26e28bd0afb595aff7472bc90d78"}
,"/home/notarget/Vscode/DATN/BE_CODE/app/models/project-user.js": {"path":"/home/notarget/Vscode/DATN/BE_CODE/app/models/project-user.js","statementMap":{"0":{"start":{"line":1,"column":16},"end":{"line":1,"column":40}},"1":{"start":{"line":2,"column":22},"end":{"line":2,"column":42}},"2":{"start":{"line":4,"column":0},"end":{"line":34,"column":2}},"3":{"start":{"line":5,"column":22},"end":{"line":31,"column":3}},"4":{"start":{"line":33,"column":2},"end":{"line":33,"column":21}}},"fnMap":{"0":{"name":"(anonymous_0)","decl":{"start":{"line":4,"column":17},"end":{"line":4,"column":18}},"loc":{"start":{"line":4,"column":43},"end":{"line":34,"column":1}},"line":4}},"branchMap":{},"s":{"0":6,"1":6,"2":6,"3":6,"4":6},"f":{"0":6},"b":{},"_coverageSchema":"1a1c01bbd47fc00a2c39e90264f33305004495a9","hash":"01fa587c43baec7aad65b0ed9b3f75c2bf88b66c"}
,"/home/notarget/Vscode/DATN/BE_CODE/app/models/project.js": {"path":"/home/notarget/Vscode/DATN/BE_CODE/app/models/project.js","statementMap":{"0":{"start":{"line":1,"column":16},"end":{"line":1,"column":37}},"1":{"start":{"line":2,"column":22},"end":{"line":2,"column":42}},"2":{"start":{"line":4,"column":0},"end":{"line":36,"column":2}},"3":{"start":{"line":5,"column":18},"end":{"line":33,"column":3}},"4":{"start":{"line":35,"column":2},"end":{"line":35,"column":17}}},"fnMap":{"0":{"name":"(anonymous_0)","decl":{"start":{"line":4,"column":17},"end":{"line":4,"column":18}},"loc":{"start":{"line":4,"column":43},"end":{"line":36,"column":1}},"line":4}},"branchMap":{},"s":{"0":6,"1":6,"2":6,"3":6,"4":6},"f":{"0":6},"b":{},"_coverageSchema":"1a1c01bbd47fc00a2c39e90264f33305004495a9","hash":"642b2e63a8143b36078c7cefdd0a617e8b400fe5"}
,"/home/notarget/Vscode/DATN/BE_CODE/app/models/sub-task.js": {"path":"/home/notarget/Vscode/DATN/BE_CODE/app/models/sub-task.js","statementMap":{"0":{"start":{"line":1,"column":16},"end":{"line":1,"column":37}},"1":{"start":{"line":2,"column":22},"end":{"line":2,"column":42}},"2":{"start":{"line":4,"column":0},"end":{"line":69,"column":2}},"3":{"start":{"line":5,"column":15},"end":{"line":67,"column":3}},"4":{"start":{"line":68,"column":2},"end":{"line":68,"column":14}}},"fnMap":{"0":{"name":"(anonymous_0)","decl":{"start":{"line":4,"column":17},"end":{"line":4,"column":18}},"loc":{"start":{"line":4,"column":43},"end":{"line":69,"column":1}},"line":4}},"branchMap":{},"s":{"0":6,"1":6,"2":6,"3":6,"4":6},"f":{"0":6},"b":{},"_coverageSchema":"1a1c01bbd47fc00a2c39e90264f33305004495a9","hash":"0c39d0995bc9115dfbe90526873e2fc43dcc07ae"}
,"/home/notarget/Vscode/DATN/BE_CODE/app/models/task.js": {"path":"/home/notarget/Vscode/DATN/BE_CODE/app/models/task.js","statementMap":{"0":{"start":{"line":1,"column":16},"end":{"line":1,"column":37}},"1":{"start":{"line":2,"column":22},"end":{"line":2,"column":42}},"2":{"start":{"line":4,"column":0},"end":{"line":73,"column":2}},"3":{"start":{"line":5,"column":15},"end":{"line":71,"column":3}},"4":{"start":{"line":72,"column":2},"end":{"line":72,"column":14}}},"fnMap":{"0":{"name":"(anonymous_0)","decl":{"start":{"line":4,"column":17},"end":{"line":4,"column":18}},"loc":{"start":{"line":4,"column":43},"end":{"line":73,"column":1}},"line":4}},"branchMap":{},"s":{"0":6,"1":6,"2":6,"3":6,"4":6},"f":{"0":6},"b":{},"_coverageSchema":"1a1c01bbd47fc00a2c39e90264f33305004495a9","hash":"8244c9d6b876e16792a9ff14b4d9cbb864f5c946"}
,"/home/notarget/Vscode/DATN/BE_CODE/app/models/user.js": {"path":"/home/notarget/Vscode/DATN/BE_CODE/app/models/user.js","statementMap":{"0":{"start":{"line":1,"column":16},"end":{"line":1,"column":37}},"1":{"start":{"line":2,"column":22},"end":{"line":2,"column":42}},"2":{"start":{"line":4,"column":0},"end":{"line":68,"column":2}},"3":{"start":{"line":5,"column":15},"end":{"line":65,"column":3}},"4":{"start":{"line":67,"column":2},"end":{"line":67,"column":14}}},"fnMap":{"0":{"name":"(anonymous_0)","decl":{"start":{"line":4,"column":17},"end":{"line":4,"column":18}},"loc":{"start":{"line":4,"column":43},"end":{"line":68,"column":1}},"line":4}},"branchMap":{},"s":{"0":6,"1":6,"2":6,"3":6,"4":6},"f":{"0":6},"b":{},"_coverageSchema":"1a1c01bbd47fc00a2c39e90264f33305004495a9","hash":"645b33e317eb7ef715b81bc9cdb19beb38909bf4"}
,"/home/notarget/Vscode/DATN/BE_CODE/app/services/auth-services.js": {"path":"/home/notarget/Vscode/DATN/BE_CODE/app/services/auth-services.js","statementMap":{"0":{"start":{"line":1,"column":15},"end":{"line":1,"column":34}},"1":{"start":{"line":2,"column":12},"end":{"line":2,"column":35}},"2":{"start":{"line":3,"column":22},"end":{"line":3,"column":53}},"3":{"start":{"line":4,"column":19},"end":{"line":4,"column":50}},"4":{"start":{"line":5,"column":17},"end":{"line":5,"column":37}},"5":{"start":{"line":6,"column":13},"end":{"line":6,"column":26}},"6":{"start":{"line":8,"column":0},"end":{"line":44,"column":2}},"7":{"start":{"line":9,"column":2},"end":{"line":13,"column":3}},"8":{"start":{"line":10,"column":4},"end":{"line":12,"column":7}},"9":{"start":{"line":14,"column":23},"end":{"line":16,"column":4}},"10":{"start":{"line":17,"column":2},"end":{"line":21,"column":3}},"11":{"start":{"line":18,"column":4},"end":{"line":20,"column":7}},"12":{"start":{"line":22,"column":2},"end":{"line":43,"column":3}},"13":{"start":{"line":23,"column":4},"end":{"line":38,"column":7}},"14":{"start":{"line":40,"column":4},"end":{"line":40,"column":65}},"15":{"start":{"line":42,"column":4},"end":{"line":42,"column":60}},"16":{"start":{"line":46,"column":0},"end":{"line":81,"column":2}},"17":{"start":{"line":47,"column":2},"end":{"line":80,"column":3}},"18":{"start":{"line":48,"column":4},"end":{"line":52,"column":5}},"19":{"start":{"line":49,"column":6},"end":{"line":51,"column":65}},"20":{"start":{"line":54,"column":17},"end":{"line":54,"column":79}},"21":{"start":{"line":56,"column":4},"end":{"line":58,"column":5}},"22":{"start":{"line":57,"column":6},"end":{"line":57,"column":65}},"23":{"start":{"line":60,"column":28},"end":{"line":63,"column":5}},"24":{"start":{"line":64,"column":4},"end":{"line":66,"column":5}},"25":{"start":{"line":65,"column":6},"end":{"line":65,"column":68}},"26":{"start":{"line":68,"column":18},"end":{"line":70,"column":6}},"27":{"start":{"line":72,"column":4},"end":{"line":77,"column":7}},"28":{"start":{"line":79,"column":4},"end":{"line":79,"column":58}}},"fnMap":{"0":{"name":"(anonymous_0)","decl":{"start":{"line":8,"column":17},"end":{"line":8,"column":18}},"loc":{"start":{"line":8,"column":37},"end":{"line":44,"column":1}},"line":8},"1":{"name":"(anonymous_1)","decl":{"start":{"line":46,"column":17},"end":{"line":46,"column":18}},"loc":{"start":{"line":46,"column":37},"end":{"line":81,"column":1}},"line":46}},"branchMap":{"0":{"loc":{"start":{"line":9,"column":2},"end":{"line":13,"column":3}},"type":"if","locations":[{"start":{"line":9,"column":2},"end":{"line":13,"column":3}},{"start":{},"end":{}}],"line":9},"1":{"loc":{"start":{"line":17,"column":2},"end":{"line":21,"column":3}},"type":"if","locations":[{"start":{"line":17,"column":2},"end":{"line":21,"column":3}},{"start":{},"end":{}}],"line":17},"2":{"loc":{"start":{"line":48,"column":4},"end":{"line":52,"column":5}},"type":"if","locations":[{"start":{"line":48,"column":4},"end":{"line":52,"column":5}},{"start":{},"end":{}}],"line":48},"3":{"loc":{"start":{"line":48,"column":8},"end":{"line":48,"column":48}},"type":"binary-expr","locations":[{"start":{"line":48,"column":8},"end":{"line":48,"column":26}},{"start":{"line":48,"column":30},"end":{"line":48,"column":48}}],"line":48},"4":{"loc":{"start":{"line":56,"column":4},"end":{"line":58,"column":5}},"type":"if","locations":[{"start":{"line":56,"column":4},"end":{"line":58,"column":5}},{"start":{},"end":{}}],"line":56},"5":{"loc":{"start":{"line":64,"column":4},"end":{"line":66,"column":5}},"type":"if","locations":[{"start":{"line":64,"column":4},"end":{"line":66,"column":5}},{"start":{},"end":{}}],"line":64}},"s":{"0":1,"1":1,"2":1,"3":1,"4":1,"5":1,"6":1,"7":4,"8":1,"9":3,"10":3,"11":1,"12":2,"13":2,"14":1,"15":1,"16":1,"17":6,"18":6,"19":1,"20":5,"21":5,"22":1,"23":4,"24":4,"25":1,"26":3,"27":3,"28":0},"f":{"0":4,"1":6},"b":{"0":[1,3],"1":[1,2],"2":[1,5],"3":[6,5],"4":[1,4],"5":[1,3]},"_coverageSchema":"1a1c01bbd47fc00a2c39e90264f33305004495a9","hash":"0812768e1424f953984eb5a14b1b7ba269163347"}
,"/home/notarget/Vscode/DATN/BE_CODE/app/services/department-services.js": {"path":"/home/notarget/Vscode/DATN/BE_CODE/app/services/department-services.js","statementMap":{"0":{"start":{"line":1,"column":17},"end":{"line":1,"column":46}},"1":{"start":{"line":2,"column":19},"end":{"line":2,"column":38}},"2":{"start":{"line":3,"column":13},"end":{"line":3,"column":26}},"3":{"start":{"line":4,"column":15},"end":{"line":4,"column":35}},"4":{"start":{"line":6,"column":0},"end":{"line":67,"column":2}},"5":{"start":{"line":7,"column":2},"end":{"line":66,"column":3}},"6":{"start":{"line":8,"column":17},"end":{"line":8,"column":45}},"7":{"start":{"line":9,"column":21},"end":{"line":9,"column":54}},"8":{"start":{"line":11,"column":19},"end":{"line":11,"column":40}},"9":{"start":{"line":12,"column":18},"end":{"line":12,"column":26}},"10":{"start":{"line":13,"column":17},"end":{"line":13,"column":30}},"11":{"start":{"line":14,"column":15},"end":{"line":14,"column":26}},"12":{"start":{"line":15,"column":24},"end":{"line":15,"column":44}},"13":{"start":{"line":16,"column":23},"end":{"line":16,"column":42}},"14":{"start":{"line":17,"column":22},"end":{"line":17,"column":40}},"15":{"start":{"line":20,"column":27},"end":{"line":20,"column":29}},"16":{"start":{"line":21,"column":4},"end":{"line":23,"column":5}},"17":{"start":{"line":22,"column":6},"end":{"line":22,"column":29}},"18":{"start":{"line":24,"column":4},"end":{"line":26,"column":5}},"19":{"start":{"line":25,"column":6},"end":{"line":25,"column":55}},"20":{"start":{"line":27,"column":4},"end":{"line":29,"column":5}},"21":{"start":{"line":28,"column":6},"end":{"line":28,"column":69}},"22":{"start":{"line":30,"column":4},"end":{"line":32,"column":5}},"23":{"start":{"line":31,"column":6},"end":{"line":31,"column":45}},"24":{"start":{"line":33,"column":4},"end":{"line":37,"column":5}},"25":{"start":{"line":34,"column":25},"end":{"line":34,"column":75}},"26":{"start":{"line":35,"column":23},"end":{"line":35,"column":78}},"27":{"start":{"line":36,"column":6},"end":{"line":36,"column":74}},"28":{"start":{"line":39,"column":24},"end":{"line":47,"column":6}},"29":{"start":{"line":49,"column":17},"end":{"line":54,"column":6}},"30":{"start":{"line":50,"column":6},"end":{"line":53,"column":8}},"31":{"start":{"line":56,"column":4},"end":{"line":62,"column":7}},"32":{"start":{"line":64,"column":4},"end":{"line":64,"column":23}},"33":{"start":{"line":65,"column":4},"end":{"line":65,"column":61}},"34":{"start":{"line":69,"column":0},"end":{"line":81,"column":2}},"35":{"start":{"line":70,"column":15},"end":{"line":74,"column":3}},"36":{"start":{"line":76,"column":2},"end":{"line":80,"column":7}},"37":{"start":{"line":79,"column":6},"end":{"line":79,"column":59}},"38":{"start":{"line":83,"column":0},"end":{"line":101,"column":2}},"39":{"start":{"line":84,"column":2},"end":{"line":100,"column":3}},"40":{"start":{"line":85,"column":25},"end":{"line":85,"column":38}},"41":{"start":{"line":86,"column":23},"end":{"line":91,"column":6}},"42":{"start":{"line":93,"column":4},"end":{"line":95,"column":5}},"43":{"start":{"line":94,"column":6},"end":{"line":94,"column":71}},"44":{"start":{"line":97,"column":4},"end":{"line":97,"column":25}},"45":{"start":{"line":99,"column":4},"end":{"line":99,"column":63}},"46":{"start":{"line":103,"column":0},"end":{"line":133,"column":2}},"47":{"start":{"line":104,"column":2},"end":{"line":132,"column":3}},"48":{"start":{"line":105,"column":4},"end":{"line":110,"column":5}},"49":{"start":{"line":106,"column":6},"end":{"line":109,"column":9}},"50":{"start":{"line":112,"column":23},"end":{"line":112,"column":61}},"51":{"start":{"line":114,"column":4},"end":{"line":119,"column":5}},"52":{"start":{"line":115,"column":6},"end":{"line":118,"column":9}},"53":{"start":{"line":121,"column":4},"end":{"line":121,"column":38}},"54":{"start":{"line":123,"column":4},"end":{"line":126,"column":7}},"55":{"start":{"line":128,"column":4},"end":{"line":131,"column":7}},"56":{"start":{"line":135,"column":0},"end":{"line":165,"column":2}},"57":{"start":{"line":136,"column":2},"end":{"line":164,"column":3}},"58":{"start":{"line":137,"column":4},"end":{"line":142,"column":5}},"59":{"start":{"line":138,"column":6},"end":{"line":141,"column":9}},"60":{"start":{"line":144,"column":23},"end":{"line":144,"column":61}},"61":{"start":{"line":146,"column":4},"end":{"line":151,"column":5}},"62":{"start":{"line":147,"column":6},"end":{"line":150,"column":9}},"63":{"start":{"line":153,"column":4},"end":{"line":153,"column":31}},"64":{"start":{"line":155,"column":4},"end":{"line":158,"column":7}},"65":{"start":{"line":160,"column":4},"end":{"line":163,"column":7}},"66":{"start":{"line":167,"column":0},"end":{"line":213,"column":2}},"67":{"start":{"line":168,"column":2},"end":{"line":212,"column":3}},"68":{"start":{"line":169,"column":17},"end":{"line":172,"column":5}},"69":{"start":{"line":174,"column":23},"end":{"line":174,"column":67}},"70":{"start":{"line":175,"column":4},"end":{"line":179,"column":5}},"71":{"start":{"line":176,"column":6},"end":{"line":178,"column":9}},"72":{"start":{"line":181,"column":4},"end":{"line":185,"column":5}},"73":{"start":{"line":182,"column":6},"end":{"line":184,"column":9}},"74":{"start":{"line":187,"column":18},"end":{"line":191,"column":6}},"75":{"start":{"line":193,"column":4},"end":{"line":199,"column":5}},"76":{"start":{"line":194,"column":6},"end":{"line":198,"column":9}},"77":{"start":{"line":201,"column":4},"end":{"line":201,"column":37}},"78":{"start":{"line":203,"column":4},"end":{"line":207,"column":7}},"79":{"start":{"line":209,"column":4},"end":{"line":211,"column":7}},"80":{"start":{"line":215,"column":0},"end":{"line":243,"column":2}},"81":{"start":{"line":216,"column":2},"end":{"line":242,"column":3}},"82":{"start":{"line":217,"column":37},"end":{"line":217,"column":45}},"83":{"start":{"line":219,"column":23},"end":{"line":219,"column":62}},"84":{"start":{"line":220,"column":4},"end":{"line":224,"column":5}},"85":{"start":{"line":221,"column":6},"end":{"line":223,"column":9}},"86":{"start":{"line":226,"column":17},"end":{"line":226,"column":44}},"87":{"start":{"line":227,"column":4},"end":{"line":231,"column":5}},"88":{"start":{"line":228,"column":6},"end":{"line":230,"column":9}},"89":{"start":{"line":233,"column":4},"end":{"line":233,"column":38}},"90":{"start":{"line":235,"column":4},"end":{"line":237,"column":7}},"91":{"start":{"line":239,"column":4},"end":{"line":241,"column":7}},"92":{"start":{"line":246,"column":2},"end":{"line":251,"column":3}},"93":{"start":{"line":247,"column":4},"end":{"line":249,"column":7}},"94":{"start":{"line":250,"column":4},"end":{"line":250,"column":11}}},"fnMap":{"0":{"name":"(anonymous_0)","decl":{"start":{"line":6,"column":28},"end":{"line":6,"column":29}},"loc":{"start":{"line":6,"column":48},"end":{"line":67,"column":1}},"line":6},"1":{"name":"(anonymous_1)","decl":{"start":{"line":49,"column":38},"end":{"line":49,"column":39}},"loc":{"start":{"line":49,"column":48},"end":{"line":54,"column":5}},"line":49},"2":{"name":"(anonymous_2)","decl":{"start":{"line":69,"column":25},"end":{"line":69,"column":26}},"loc":{"start":{"line":69,"column":45},"end":{"line":81,"column":1}},"line":69},"3":{"name":"(anonymous_3)","decl":{"start":{"line":78,"column":11},"end":{"line":78,"column":12}},"loc":{"start":{"line":78,"column":26},"end":{"line":80,"column":5}},"line":78},"4":{"name":"(anonymous_4)","decl":{"start":{"line":83,"column":28},"end":{"line":83,"column":29}},"loc":{"start":{"line":83,"column":48},"end":{"line":101,"column":1}},"line":83},"5":{"name":"(anonymous_5)","decl":{"start":{"line":103,"column":27},"end":{"line":103,"column":28}},"loc":{"start":{"line":103,"column":47},"end":{"line":133,"column":1}},"line":103},"6":{"name":"(anonymous_6)","decl":{"start":{"line":135,"column":27},"end":{"line":135,"column":28}},"loc":{"start":{"line":135,"column":47},"end":{"line":165,"column":1}},"line":135},"7":{"name":"(anonymous_7)","decl":{"start":{"line":167,"column":31},"end":{"line":167,"column":32}},"loc":{"start":{"line":167,"column":51},"end":{"line":213,"column":1}},"line":167},"8":{"name":"(anonymous_8)","decl":{"start":{"line":215,"column":35},"end":{"line":215,"column":36}},"loc":{"start":{"line":215,"column":55},"end":{"line":243,"column":1}},"line":215},"9":{"name":"validateRequest","decl":{"start":{"line":245,"column":9},"end":{"line":245,"column":24}},"loc":{"start":{"line":245,"column":30},"end":{"line":252,"column":1}},"line":245}},"branchMap":{"0":{"loc":{"start":{"line":8,"column":17},"end":{"line":8,"column":45}},"type":"binary-expr","locations":[{"start":{"line":8,"column":17},"end":{"line":8,"column":40}},{"start":{"line":8,"column":44},"end":{"line":8,"column":45}}],"line":8},"1":{"loc":{"start":{"line":9,"column":21},"end":{"line":9,"column":54}},"type":"binary-expr","locations":[{"start":{"line":9,"column":21},"end":{"line":9,"column":48}},{"start":{"line":9,"column":52},"end":{"line":9,"column":54}}],"line":9},"2":{"loc":{"start":{"line":21,"column":4},"end":{"line":23,"column":5}},"type":"if","locations":[{"start":{"line":21,"column":4},"end":{"line":23,"column":5}},{"start":{},"end":{}}],"line":21},"3":{"loc":{"start":{"line":24,"column":4},"end":{"line":26,"column":5}},"type":"if","locations":[{"start":{"line":24,"column":4},"end":{"line":26,"column":5}},{"start":{},"end":{}}],"line":24},"4":{"loc":{"start":{"line":27,"column":4},"end":{"line":29,"column":5}},"type":"if","locations":[{"start":{"line":27,"column":4},"end":{"line":29,"column":5}},{"start":{},"end":{}}],"line":27},"5":{"loc":{"start":{"line":30,"column":4},"end":{"line":32,"column":5}},"type":"if","locations":[{"start":{"line":30,"column":4},"end":{"line":32,"column":5}},{"start":{},"end":{}}],"line":30},"6":{"loc":{"start":{"line":33,"column":4},"end":{"line":37,"column":5}},"type":"if","locations":[{"start":{"line":33,"column":4},"end":{"line":37,"column":5}},{"start":{},"end":{}}],"line":33},"7":{"loc":{"start":{"line":93,"column":4},"end":{"line":95,"column":5}},"type":"if","locations":[{"start":{"line":93,"column":4},"end":{"line":95,"column":5}},{"start":{},"end":{}}],"line":93},"8":{"loc":{"start":{"line":105,"column":4},"end":{"line":110,"column":5}},"type":"if","locations":[{"start":{"line":105,"column":4},"end":{"line":110,"column":5}},{"start":{},"end":{}}],"line":105},"9":{"loc":{"start":{"line":114,"column":4},"end":{"line":119,"column":5}},"type":"if","locations":[{"start":{"line":114,"column":4},"end":{"line":119,"column":5}},{"start":{},"end":{}}],"line":114},"10":{"loc":{"start":{"line":137,"column":4},"end":{"line":142,"column":5}},"type":"if","locations":[{"start":{"line":137,"column":4},"end":{"line":142,"column":5}},{"start":{},"end":{}}],"line":137},"11":{"loc":{"start":{"line":146,"column":4},"end":{"line":151,"column":5}},"type":"if","locations":[{"start":{"line":146,"column":4},"end":{"line":151,"column":5}},{"start":{},"end":{}}],"line":146},"12":{"loc":{"start":{"line":175,"column":4},"end":{"line":179,"column":5}},"type":"if","locations":[{"start":{"line":175,"column":4},"end":{"line":179,"column":5}},{"start":{},"end":{}}],"line":175},"13":{"loc":{"start":{"line":181,"column":4},"end":{"line":185,"column":5}},"type":"if","locations":[{"start":{"line":181,"column":4},"end":{"line":185,"column":5}},{"start":{},"end":{}}],"line":181},"14":{"loc":{"start":{"line":181,"column":8},"end":{"line":181,"column":65}},"type":"binary-expr","locations":[{"start":{"line":181,"column":8},"end":{"line":181,"column":36}},{"start":{"line":181,"column":40},"end":{"line":181,"column":65}}],"line":181},"15":{"loc":{"start":{"line":193,"column":4},"end":{"line":199,"column":5}},"type":"if","locations":[{"start":{"line":193,"column":4},"end":{"line":199,"column":5}},{"start":{},"end":{}}],"line":193},"16":{"loc":{"start":{"line":220,"column":4},"end":{"line":224,"column":5}},"type":"if","locations":[{"start":{"line":220,"column":4},"end":{"line":224,"column":5}},{"start":{},"end":{}}],"line":220},"17":{"loc":{"start":{"line":227,"column":4},"end":{"line":231,"column":5}},"type":"if","locations":[{"start":{"line":227,"column":4},"end":{"line":231,"column":5}},{"start":{},"end":{}}],"line":227},"18":{"loc":{"start":{"line":246,"column":2},"end":{"line":251,"column":3}},"type":"if","locations":[{"start":{"line":246,"column":2},"end":{"line":251,"column":3}},{"start":{},"end":{}}],"line":246}},"s":{"0":1,"1":1,"2":1,"3":1,"4":1,"5":5,"6":5,"7":5,"8":5,"9":5,"10":5,"11":5,"12":5,"13":5,"14":5,"15":5,"16":5,"17":0,"18":5,"19":1,"20":5,"21":0,"22":5,"23":0,"24":5,"25":1,"26":1,"27":1,"28":5,"29":4,"30":6,"31":4,"32":1,"33":1,"34":1,"35":5,"36":5,"37":2,"38":1,"39":5,"40":5,"41":5,"42":2,"43":1,"44":1,"45":3,"46":1,"47":5,"48":5,"49":1,"50":4,"51":0,"52":0,"53":0,"54":0,"55":4,"56":1,"57":5,"58":5,"59":1,"60":4,"61":0,"62":0,"63":0,"64":0,"65":4,"66":1,"67":3,"68":3,"69":3,"70":0,"71":0,"72":0,"73":0,"74":0,"75":0,"76":0,"77":0,"78":0,"79":3,"80":1,"81":2,"82":2,"83":2,"84":0,"85":0,"86":0,"87":0,"88":0,"89":0,"90":0,"91":2,"92":0,"93":0,"94":0},"f":{"0":5,"1":6,"2":5,"3":2,"4":5,"5":5,"6":5,"7":3,"8":2,"9":0},"b":{"0":[5,3],"1":[5,3],"2":[0,5],"3":[1,4],"4":[0,5],"5":[0,5],"6":[1,4],"7":[1,1],"8":[1,4],"9":[0,0],"10":[1,4],"11":[0,0],"12":[0,0],"13":[0,0],"14":[0,0],"15":[0,0],"16":[0,0],"17":[0,0],"18":[0,0]},"_coverageSchema":"1a1c01bbd47fc00a2c39e90264f33305004495a9","hash":"95b25b08fae253121aef1c8eb5c20d6d3cbf518f"}
,"/home/notarget/Vscode/DATN/BE_CODE/app/services/notification-services.js": {"path":"/home/notarget/Vscode/DATN/BE_CODE/app/services/notification-services.js","statementMap":{"0":{"start":{"line":1,"column":17},"end":{"line":1,"column":46}},"1":{"start":{"line":2,"column":16},"end":{"line":2,"column":32}},"2":{"start":{"line":3,"column":13},"end":{"line":3,"column":26}},"3":{"start":{"line":4,"column":21},"end":{"line":4,"column":42}},"4":{"start":{"line":5,"column":15},"end":{"line":5,"column":35}},"5":{"start":{"line":6,"column":11},"end":{"line":6,"column":57}},"6":{"start":{"line":8,"column":0},"end":{"line":47,"column":2}},"7":{"start":{"line":9,"column":2},"end":{"line":46,"column":3}},"8":{"start":{"line":10,"column":17},"end":{"line":10,"column":45}},"9":{"start":{"line":11,"column":21},"end":{"line":11,"column":54}},"10":{"start":{"line":12,"column":19},"end":{"line":12,"column":40}},"11":{"start":{"line":13,"column":18},"end":{"line":13,"column":26}},"12":{"start":{"line":15,"column":20},"end":{"line":15,"column":36}},"13":{"start":{"line":17,"column":25},"end":{"line":17,"column":27}},"14":{"start":{"line":18,"column":4},"end":{"line":27,"column":5}},"15":{"start":{"line":19,"column":6},"end":{"line":19,"column":39}},"16":{"start":{"line":21,"column":6},"end":{"line":26,"column":8}},"17":{"start":{"line":29,"column":26},"end":{"line":34,"column":6}},"18":{"start":{"line":36,"column":4},"end":{"line":42,"column":7}},"19":{"start":{"line":44,"column":4},"end":{"line":44,"column":22}},"20":{"start":{"line":45,"column":4},"end":{"line":45,"column":61}},"21":{"start":{"line":49,"column":0},"end":{"line":71,"column":2}},"22":{"start":{"line":50,"column":2},"end":{"line":70,"column":3}},"23":{"start":{"line":51,"column":17},"end":{"line":57,"column":5}},"24":{"start":{"line":60,"column":4},"end":{"line":60,"column":38}},"25":{"start":{"line":62,"column":4},"end":{"line":62,"column":36}},"26":{"start":{"line":64,"column":4},"end":{"line":66,"column":7}},"27":{"start":{"line":68,"column":4},"end":{"line":68,"column":23}},"28":{"start":{"line":69,"column":4},"end":{"line":69,"column":61}},"29":{"start":{"line":73,"column":0},"end":{"line":86,"column":2}},"30":{"start":{"line":74,"column":2},"end":{"line":85,"column":3}},"31":{"start":{"line":75,"column":27},"end":{"line":75,"column":40}},"32":{"start":{"line":76,"column":25},"end":{"line":76,"column":68}},"33":{"start":{"line":78,"column":4},"end":{"line":80,"column":5}},"34":{"start":{"line":79,"column":6},"end":{"line":79,"column":73}},"35":{"start":{"line":82,"column":4},"end":{"line":82,"column":27}},"36":{"start":{"line":84,"column":4},"end":{"line":84,"column":63}},"37":{"start":{"line":88,"column":0},"end":{"line":113,"column":2}},"38":{"start":{"line":89,"column":2},"end":{"line":112,"column":3}},"39":{"start":{"line":90,"column":4},"end":{"line":94,"column":5}},"40":{"start":{"line":91,"column":6},"end":{"line":93,"column":9}},"41":{"start":{"line":96,"column":25},"end":{"line":96,"column":65}},"42":{"start":{"line":98,"column":4},"end":{"line":102,"column":5}},"43":{"start":{"line":99,"column":6},"end":{"line":101,"column":9}},"44":{"start":{"line":104,"column":4},"end":{"line":104,"column":40}},"45":{"start":{"line":106,"column":4},"end":{"line":108,"column":7}},"46":{"start":{"line":110,"column":4},"end":{"line":110,"column":23}},"47":{"start":{"line":111,"column":4},"end":{"line":111,"column":61}},"48":{"start":{"line":115,"column":0},"end":{"line":143,"column":2}},"49":{"start":{"line":116,"column":2},"end":{"line":142,"column":3}},"50":{"start":{"line":117,"column":4},"end":{"line":122,"column":5}},"51":{"start":{"line":118,"column":6},"end":{"line":121,"column":9}},"52":{"start":{"line":124,"column":25},"end":{"line":124,"column":65}},"53":{"start":{"line":126,"column":4},"end":{"line":131,"column":5}},"54":{"start":{"line":127,"column":6},"end":{"line":130,"column":9}},"55":{"start":{"line":133,"column":4},"end":{"line":133,"column":33}},"56":{"start":{"line":135,"column":4},"end":{"line":138,"column":7}},"57":{"start":{"line":140,"column":4},"end":{"line":140,"column":23}},"58":{"start":{"line":141,"column":4},"end":{"line":141,"column":61}}},"fnMap":{"0":{"name":"(anonymous_0)","decl":{"start":{"line":8,"column":30},"end":{"line":8,"column":31}},"loc":{"start":{"line":8,"column":50},"end":{"line":47,"column":1}},"line":8},"1":{"name":"(anonymous_1)","decl":{"start":{"line":49,"column":27},"end":{"line":49,"column":28}},"loc":{"start":{"line":49,"column":47},"end":{"line":71,"column":1}},"line":49},"2":{"name":"(anonymous_2)","decl":{"start":{"line":73,"column":31},"end":{"line":73,"column":32}},"loc":{"start":{"line":73,"column":51},"end":{"line":86,"column":1}},"line":73},"3":{"name":"(anonymous_3)","decl":{"start":{"line":88,"column":30},"end":{"line":88,"column":31}},"loc":{"start":{"line":88,"column":50},"end":{"line":113,"column":1}},"line":88},"4":{"name":"(anonymous_4)","decl":{"start":{"line":115,"column":30},"end":{"line":115,"column":31}},"loc":{"start":{"line":115,"column":50},"end":{"line":143,"column":1}},"line":115}},"branchMap":{"0":{"loc":{"start":{"line":10,"column":17},"end":{"line":10,"column":45}},"type":"binary-expr","locations":[{"start":{"line":10,"column":17},"end":{"line":10,"column":40}},{"start":{"line":10,"column":44},"end":{"line":10,"column":45}}],"line":10},"1":{"loc":{"start":{"line":11,"column":21},"end":{"line":11,"column":54}},"type":"binary-expr","locations":[{"start":{"line":11,"column":21},"end":{"line":11,"column":48}},{"start":{"line":11,"column":52},"end":{"line":11,"column":54}}],"line":11},"2":{"loc":{"start":{"line":18,"column":4},"end":{"line":27,"column":5}},"type":"if","locations":[{"start":{"line":18,"column":4},"end":{"line":27,"column":5}},{"start":{"line":20,"column":11},"end":{"line":27,"column":5}}],"line":18},"3":{"loc":{"start":{"line":78,"column":4},"end":{"line":80,"column":5}},"type":"if","locations":[{"start":{"line":78,"column":4},"end":{"line":80,"column":5}},{"start":{},"end":{}}],"line":78},"4":{"loc":{"start":{"line":90,"column":4},"end":{"line":94,"column":5}},"type":"if","locations":[{"start":{"line":90,"column":4},"end":{"line":94,"column":5}},{"start":{},"end":{}}],"line":90},"5":{"loc":{"start":{"line":98,"column":4},"end":{"line":102,"column":5}},"type":"if","locations":[{"start":{"line":98,"column":4},"end":{"line":102,"column":5}},{"start":{},"end":{}}],"line":98},"6":{"loc":{"start":{"line":117,"column":4},"end":{"line":122,"column":5}},"type":"if","locations":[{"start":{"line":117,"column":4},"end":{"line":122,"column":5}},{"start":{},"end":{}}],"line":117},"7":{"loc":{"start":{"line":126,"column":4},"end":{"line":131,"column":5}},"type":"if","locations":[{"start":{"line":126,"column":4},"end":{"line":131,"column":5}},{"start":{},"end":{}}],"line":126}},"s":{"0":1,"1":1,"2":1,"3":1,"4":1,"5":1,"6":1,"7":2,"8":2,"9":2,"10":2,"11":2,"12":2,"13":2,"14":2,"15":0,"16":2,"17":2,"18":2,"19":0,"20":0,"21":1,"22":2,"23":2,"24":2,"25":2,"26":1,"27":1,"28":1,"29":1,"30":3,"31":3,"32":3,"33":3,"34":2,"35":1,"36":0,"37":1,"38":0,"39":0,"40":0,"41":0,"42":0,"43":0,"44":0,"45":0,"46":0,"47":0,"48":1,"49":3,"50":3,"51":1,"52":2,"53":2,"54":1,"55":1,"56":1,"57":0,"58":0},"f":{"0":2,"1":2,"2":3,"3":0,"4":3},"b":{"0":[2,1],"1":[2,1],"2":[0,2],"3":[2,1],"4":[0,0],"5":[0,0],"6":[1,2],"7":[1,1]},"_coverageSchema":"1a1c01bbd47fc00a2c39e90264f33305004495a9","hash":"05b5c2b9eafd32c85e59635ffd9d0ea0ad2f1916"}
,"/home/notarget/Vscode/DATN/BE_CODE/app/services/project-services.js": {"path":"/home/notarget/Vscode/DATN/BE_CODE/app/services/project-services.js","statementMap":{"0":{"start":{"line":1,"column":17},"end":{"line":1,"column":46}},"1":{"start":{"line":2,"column":16},"end":{"line":2,"column":32}},"2":{"start":{"line":3,"column":20},"end":{"line":3,"column":41}},"3":{"start":{"line":4,"column":13},"end":{"line":4,"column":26}},"4":{"start":{"line":6,"column":0},"end":{"line":44,"column":2}},"5":{"start":{"line":7,"column":2},"end":{"line":43,"column":3}},"6":{"start":{"line":8,"column":17},"end":{"line":8,"column":45}},"7":{"start":{"line":9,"column":21},"end":{"line":9,"column":54}},"8":{"start":{"line":10,"column":19},"end":{"line":10,"column":34}},"9":{"start":{"line":12,"column":19},"end":{"line":12,"column":40}},"10":{"start":{"line":13,"column":18},"end":{"line":13,"column":26}},"11":{"start":{"line":15,"column":26},"end":{"line":18,"column":5}},"12":{"start":{"line":20,"column":4},"end":{"line":29,"column":5}},"13":{"start":{"line":21,"column":6},"end":{"line":28,"column":8}},"14":{"start":{"line":31,"column":21},"end":{"line":31,"column":65}},"15":{"start":{"line":33,"column":4},"end":{"line":39,"column":7}},"16":{"start":{"line":41,"column":4},"end":{"line":41,"column":52}},"17":{"start":{"line":42,"column":4},"end":{"line":42,"column":61}},"18":{"start":{"line":46,"column":0},"end":{"line":65,"column":2}},"19":{"start":{"line":47,"column":15},"end":{"line":55,"column":3}},"20":{"start":{"line":57,"column":2},"end":{"line":64,"column":7}},"21":{"start":{"line":59,"column":6},"end":{"line":59,"column":63}},"22":{"start":{"line":62,"column":6},"end":{"line":62,"column":62}},"23":{"start":{"line":63,"column":6},"end":{"line":63,"column":59}},"24":{"start":{"line":68,"column":0},"end":{"line":89,"column":2}},"25":{"start":{"line":69,"column":2},"end":{"line":88,"column":3}},"26":{"start":{"line":70,"column":22},"end":{"line":70,"column":35}},"27":{"start":{"line":71,"column":20},"end":{"line":79,"column":6}},"28":{"start":{"line":81,"column":4},"end":{"line":83,"column":5}},"29":{"start":{"line":82,"column":6},"end":{"line":82,"column":68}},"30":{"start":{"line":85,"column":4},"end":{"line":85,"column":22}},"31":{"start":{"line":87,"column":4},"end":{"line":87,"column":63}},"32":{"start":{"line":91,"column":0},"end":{"line":122,"column":2}},"33":{"start":{"line":92,"column":2},"end":{"line":121,"column":3}},"34":{"start":{"line":93,"column":4},"end":{"line":98,"column":5}},"35":{"start":{"line":94,"column":6},"end":{"line":97,"column":9}},"36":{"start":{"line":100,"column":20},"end":{"line":100,"column":55}},"37":{"start":{"line":102,"column":4},"end":{"line":107,"column":5}},"38":{"start":{"line":103,"column":6},"end":{"line":106,"column":9}},"39":{"start":{"line":109,"column":4},"end":{"line":109,"column":35}},"40":{"start":{"line":111,"column":4},"end":{"line":114,"column":7}},"41":{"start":{"line":116,"column":4},"end":{"line":120,"column":7}},"42":{"start":{"line":124,"column":0},"end":{"line":157,"column":2}},"43":{"start":{"line":125,"column":2},"end":{"line":156,"column":3}},"44":{"start":{"line":126,"column":4},"end":{"line":131,"column":5}},"45":{"start":{"line":127,"column":6},"end":{"line":130,"column":9}},"46":{"start":{"line":133,"column":20},"end":{"line":133,"column":55}},"47":{"start":{"line":135,"column":4},"end":{"line":140,"column":5}},"48":{"start":{"line":136,"column":6},"end":{"line":139,"column":9}},"49":{"start":{"line":142,"column":4},"end":{"line":142,"column":70}},"50":{"start":{"line":144,"column":4},"end":{"line":144,"column":28}},"51":{"start":{"line":146,"column":4},"end":{"line":149,"column":7}},"52":{"start":{"line":151,"column":4},"end":{"line":155,"column":7}},"53":{"start":{"line":159,"column":0},"end":{"line":205,"column":2}},"54":{"start":{"line":160,"column":2},"end":{"line":204,"column":3}},"55":{"start":{"line":161,"column":17},"end":{"line":164,"column":5}},"56":{"start":{"line":166,"column":20},"end":{"line":166,"column":58}},"57":{"start":{"line":167,"column":4},"end":{"line":171,"column":5}},"58":{"start":{"line":168,"column":6},"end":{"line":170,"column":9}},"59":{"start":{"line":173,"column":4},"end":{"line":177,"column":5}},"60":{"start":{"line":174,"column":6},"end":{"line":176,"column":9}},"61":{"start":{"line":179,"column":18},"end":{"line":183,"column":6}},"62":{"start":{"line":185,"column":4},"end":{"line":191,"column":5}},"63":{"start":{"line":186,"column":6},"end":{"line":190,"column":9}},"64":{"start":{"line":193,"column":4},"end":{"line":193,"column":34}},"65":{"start":{"line":195,"column":4},"end":{"line":199,"column":7}},"66":{"start":{"line":201,"column":4},"end":{"line":203,"column":7}},"67":{"start":{"line":207,"column":0},"end":{"line":235,"column":2}},"68":{"start":{"line":208,"column":2},"end":{"line":234,"column":3}},"69":{"start":{"line":209,"column":34},"end":{"line":209,"column":42}},"70":{"start":{"line":211,"column":20},"end":{"line":211,"column":53}},"71":{"start":{"line":212,"column":4},"end":{"line":216,"column":5}},"72":{"start":{"line":213,"column":6},"end":{"line":215,"column":9}},"73":{"start":{"line":218,"column":17},"end":{"line":218,"column":44}},"74":{"start":{"line":219,"column":4},"end":{"line":223,"column":5}},"75":{"start":{"line":220,"column":6},"end":{"line":222,"column":9}},"76":{"start":{"line":225,"column":4},"end":{"line":225,"column":35}},"77":{"start":{"line":227,"column":4},"end":{"line":229,"column":7}},"78":{"start":{"line":231,"column":4},"end":{"line":233,"column":7}}},"fnMap":{"0":{"name":"(anonymous_0)","decl":{"start":{"line":6,"column":25},"end":{"line":6,"column":26}},"loc":{"start":{"line":6,"column":45},"end":{"line":44,"column":1}},"line":6},"1":{"name":"(anonymous_1)","decl":{"start":{"line":46,"column":22},"end":{"line":46,"column":23}},"loc":{"start":{"line":46,"column":42},"end":{"line":65,"column":1}},"line":46},"2":{"name":"(anonymous_2)","decl":{"start":{"line":58,"column":10},"end":{"line":58,"column":11}},"loc":{"start":{"line":58,"column":16},"end":{"line":60,"column":5}},"line":58},"3":{"name":"(anonymous_3)","decl":{"start":{"line":61,"column":11},"end":{"line":61,"column":12}},"loc":{"start":{"line":61,"column":26},"end":{"line":64,"column":5}},"line":61},"4":{"name":"(anonymous_4)","decl":{"start":{"line":68,"column":25},"end":{"line":68,"column":26}},"loc":{"start":{"line":68,"column":45},"end":{"line":89,"column":1}},"line":68},"5":{"name":"(anonymous_5)","decl":{"start":{"line":91,"column":24},"end":{"line":91,"column":25}},"loc":{"start":{"line":91,"column":44},"end":{"line":122,"column":1}},"line":91},"6":{"name":"(anonymous_6)","decl":{"start":{"line":124,"column":24},"end":{"line":124,"column":25}},"loc":{"start":{"line":124,"column":44},"end":{"line":157,"column":1}},"line":124},"7":{"name":"(anonymous_7)","decl":{"start":{"line":159,"column":28},"end":{"line":159,"column":29}},"loc":{"start":{"line":159,"column":48},"end":{"line":205,"column":1}},"line":159},"8":{"name":"(anonymous_8)","decl":{"start":{"line":207,"column":32},"end":{"line":207,"column":33}},"loc":{"start":{"line":207,"column":52},"end":{"line":235,"column":1}},"line":207}},"branchMap":{"0":{"loc":{"start":{"line":8,"column":17},"end":{"line":8,"column":45}},"type":"binary-expr","locations":[{"start":{"line":8,"column":17},"end":{"line":8,"column":40}},{"start":{"line":8,"column":44},"end":{"line":8,"column":45}}],"line":8},"1":{"loc":{"start":{"line":9,"column":21},"end":{"line":9,"column":54}},"type":"binary-expr","locations":[{"start":{"line":9,"column":21},"end":{"line":9,"column":48}},{"start":{"line":9,"column":52},"end":{"line":9,"column":54}}],"line":9},"2":{"loc":{"start":{"line":20,"column":4},"end":{"line":29,"column":5}},"type":"if","locations":[{"start":{"line":20,"column":4},"end":{"line":29,"column":5}},{"start":{},"end":{}}],"line":20},"3":{"loc":{"start":{"line":81,"column":4},"end":{"line":83,"column":5}},"type":"if","locations":[{"start":{"line":81,"column":4},"end":{"line":83,"column":5}},{"start":{},"end":{}}],"line":81},"4":{"loc":{"start":{"line":93,"column":4},"end":{"line":98,"column":5}},"type":"if","locations":[{"start":{"line":93,"column":4},"end":{"line":98,"column":5}},{"start":{},"end":{}}],"line":93},"5":{"loc":{"start":{"line":102,"column":4},"end":{"line":107,"column":5}},"type":"if","locations":[{"start":{"line":102,"column":4},"end":{"line":107,"column":5}},{"start":{},"end":{}}],"line":102},"6":{"loc":{"start":{"line":126,"column":4},"end":{"line":131,"column":5}},"type":"if","locations":[{"start":{"line":126,"column":4},"end":{"line":131,"column":5}},{"start":{},"end":{}}],"line":126},"7":{"loc":{"start":{"line":135,"column":4},"end":{"line":140,"column":5}},"type":"if","locations":[{"start":{"line":135,"column":4},"end":{"line":140,"column":5}},{"start":{},"end":{}}],"line":135},"8":{"loc":{"start":{"line":167,"column":4},"end":{"line":171,"column":5}},"type":"if","locations":[{"start":{"line":167,"column":4},"end":{"line":171,"column":5}},{"start":{},"end":{}}],"line":167},"9":{"loc":{"start":{"line":173,"column":4},"end":{"line":177,"column":5}},"type":"if","locations":[{"start":{"line":173,"column":4},"end":{"line":177,"column":5}},{"start":{},"end":{}}],"line":173},"10":{"loc":{"start":{"line":173,"column":8},"end":{"line":173,"column":65}},"type":"binary-expr","locations":[{"start":{"line":173,"column":8},"end":{"line":173,"column":36}},{"start":{"line":173,"column":40},"end":{"line":173,"column":65}}],"line":173},"11":{"loc":{"start":{"line":185,"column":4},"end":{"line":191,"column":5}},"type":"if","locations":[{"start":{"line":185,"column":4},"end":{"line":191,"column":5}},{"start":{},"end":{}}],"line":185},"12":{"loc":{"start":{"line":212,"column":4},"end":{"line":216,"column":5}},"type":"if","locations":[{"start":{"line":212,"column":4},"end":{"line":216,"column":5}},{"start":{},"end":{}}],"line":212},"13":{"loc":{"start":{"line":219,"column":4},"end":{"line":223,"column":5}},"type":"if","locations":[{"start":{"line":219,"column":4},"end":{"line":223,"column":5}},{"start":{},"end":{}}],"line":219}},"s":{"0":1,"1":1,"2":1,"3":1,"4":1,"5":6,"6":6,"7":5,"8":5,"9":5,"10":5,"11":5,"12":5,"13":2,"14":5,"15":5,"16":1,"17":1,"18":1,"19":4,"20":4,"21":3,"22":1,"23":1,"24":1,"25":4,"26":4,"27":4,"28":3,"29":1,"30":2,"31":1,"32":1,"33":5,"34":5,"35":1,"36":4,"37":4,"38":1,"39":3,"40":2,"41":1,"42":1,"43":5,"44":5,"45":1,"46":4,"47":4,"48":1,"49":3,"50":3,"51":2,"52":1,"53":1,"54":5,"55":5,"56":5,"57":5,"58":1,"59":4,"60":1,"61":3,"62":3,"63":1,"64":2,"65":1,"66":1,"67":1,"68":5,"69":5,"70":5,"71":5,"72":1,"73":4,"74":4,"75":1,"76":3,"77":2,"78":1},"f":{"0":6,"1":4,"2":3,"3":1,"4":4,"5":5,"6":5,"7":5,"8":5},"b":{"0":[6,1],"1":[5,1],"2":[2,3],"3":[1,2],"4":[1,4],"5":[1,3],"6":[1,4],"7":[1,3],"8":[1,4],"9":[1,3],"10":[4,4],"11":[1,2],"12":[1,4],"13":[1,3]},"_coverageSchema":"1a1c01bbd47fc00a2c39e90264f33305004495a9","hash":"8ecfc846e8eb30cdc18cc4399b5a509c197b16c4"}
,"/home/notarget/Vscode/DATN/BE_CODE/app/services/task-services.js": {"path":"/home/notarget/Vscode/DATN/BE_CODE/app/services/task-services.js","statementMap":{"0":{"start":{"line":1,"column":17},"end":{"line":1,"column":46}},"1":{"start":{"line":2,"column":16},"end":{"line":2,"column":32}},"2":{"start":{"line":3,"column":13},"end":{"line":3,"column":26}},"3":{"start":{"line":4,"column":13},"end":{"line":4,"column":26}},"4":{"start":{"line":5,"column":11},"end":{"line":5,"column":57}},"5":{"start":{"line":6,"column":21},"end":{"line":6,"column":42}},"6":{"start":{"line":7,"column":15},"end":{"line":7,"column":35}},"7":{"start":{"line":9,"column":0},"end":{"line":87,"column":2}},"8":{"start":{"line":10,"column":2},"end":{"line":86,"column":3}},"9":{"start":{"line":11,"column":17},"end":{"line":11,"column":45}},"10":{"start":{"line":12,"column":21},"end":{"line":12,"column":54}},"11":{"start":{"line":13,"column":19},"end":{"line":13,"column":40}},"12":{"start":{"line":14,"column":18},"end":{"line":14,"column":26}},"13":{"start":{"line":16,"column":22},"end":{"line":16,"column":41}},"14":{"start":{"line":17,"column":23},"end":{"line":17,"column":43}},"15":{"start":{"line":18,"column":19},"end":{"line":18,"column":34}},"16":{"start":{"line":19,"column":18},"end":{"line":19,"column":31}},"17":{"start":{"line":20,"column":15},"end":{"line":20,"column":26}},"18":{"start":{"line":21,"column":22},"end":{"line":21,"column":40}},"19":{"start":{"line":23,"column":27},"end":{"line":23,"column":29}},"20":{"start":{"line":24,"column":4},"end":{"line":26,"column":5}},"21":{"start":{"line":25,"column":6},"end":{"line":25,"column":44}},"22":{"start":{"line":27,"column":4},"end":{"line":29,"column":5}},"23":{"start":{"line":28,"column":6},"end":{"line":28,"column":46}},"24":{"start":{"line":30,"column":4},"end":{"line":32,"column":5}},"25":{"start":{"line":31,"column":6},"end":{"line":31,"column":37}},"26":{"start":{"line":33,"column":4},"end":{"line":35,"column":5}},"27":{"start":{"line":34,"column":6},"end":{"line":34,"column":56}},"28":{"start":{"line":36,"column":4},"end":{"line":40,"column":5}},"29":{"start":{"line":37,"column":25},"end":{"line":37,"column":75}},"30":{"start":{"line":38,"column":23},"end":{"line":38,"column":78}},"31":{"start":{"line":39,"column":6},"end":{"line":39,"column":74}},"32":{"start":{"line":41,"column":4},"end":{"line":43,"column":5}},"33":{"start":{"line":42,"column":6},"end":{"line":42,"column":29}},"34":{"start":{"line":45,"column":18},"end":{"line":49,"column":6}},"35":{"start":{"line":51,"column":17},"end":{"line":74,"column":6}},"36":{"start":{"line":52,"column":6},"end":{"line":73,"column":8}},"37":{"start":{"line":76,"column":4},"end":{"line":82,"column":7}},"38":{"start":{"line":84,"column":4},"end":{"line":84,"column":23}},"39":{"start":{"line":85,"column":4},"end":{"line":85,"column":61}},"40":{"start":{"line":89,"column":0},"end":{"line":150,"column":2}},"41":{"start":{"line":90,"column":2},"end":{"line":149,"column":3}},"42":{"start":{"line":91,"column":4},"end":{"line":95,"column":5}},"43":{"start":{"line":92,"column":6},"end":{"line":94,"column":9}},"44":{"start":{"line":97,"column":20},"end":{"line":97,"column":63}},"45":{"start":{"line":99,"column":4},"end":{"line":103,"column":5}},"46":{"start":{"line":100,"column":6},"end":{"line":102,"column":9}},"47":{"start":{"line":105,"column":4},"end":{"line":109,"column":5}},"48":{"start":{"line":106,"column":6},"end":{"line":108,"column":9}},"49":{"start":{"line":111,"column":17},"end":{"line":123,"column":5}},"50":{"start":{"line":125,"column":4},"end":{"line":125,"column":28}},"51":{"start":{"line":128,"column":17},"end":{"line":128,"column":53}},"52":{"start":{"line":130,"column":21},"end":{"line":136,"column":5}},"53":{"start":{"line":138,"column":4},"end":{"line":138,"column":40}},"54":{"start":{"line":141,"column":4},"end":{"line":141,"column":42}},"55":{"start":{"line":143,"column":4},"end":{"line":145,"column":7}},"56":{"start":{"line":147,"column":4},"end":{"line":147,"column":23}},"57":{"start":{"line":148,"column":4},"end":{"line":148,"column":61}},"58":{"start":{"line":152,"column":0},"end":{"line":188,"column":2}},"59":{"start":{"line":153,"column":2},"end":{"line":187,"column":3}},"60":{"start":{"line":154,"column":19},"end":{"line":154,"column":32}},"61":{"start":{"line":155,"column":17},"end":{"line":155,"column":44}},"62":{"start":{"line":157,"column":4},"end":{"line":159,"column":5}},"63":{"start":{"line":158,"column":6},"end":{"line":158,"column":65}},"64":{"start":{"line":161,"column":17},"end":{"line":182,"column":5}},"65":{"start":{"line":184,"column":4},"end":{"line":184,"column":19}},"66":{"start":{"line":186,"column":4},"end":{"line":186,"column":63}},"67":{"start":{"line":190,"column":0},"end":{"line":261,"column":2}},"68":{"start":{"line":191,"column":2},"end":{"line":260,"column":3}},"69":{"start":{"line":192,"column":4},"end":{"line":196,"column":5}},"70":{"start":{"line":193,"column":6},"end":{"line":195,"column":9}},"71":{"start":{"line":198,"column":17},"end":{"line":198,"column":49}},"72":{"start":{"line":200,"column":4},"end":{"line":204,"column":5}},"73":{"start":{"line":201,"column":6},"end":{"line":203,"column":9}},"74":{"start":{"line":207,"column":17},"end":{"line":221,"column":5}},"75":{"start":{"line":224,"column":17},"end":{"line":224,"column":54}},"76":{"start":{"line":227,"column":4},"end":{"line":227,"column":28}},"77":{"start":{"line":230,"column":4},"end":{"line":252,"column":5}},"78":{"start":{"line":232,"column":33},"end":{"line":238,"column":7}},"79":{"start":{"line":240,"column":23},"end":{"line":246,"column":7}},"80":{"start":{"line":248,"column":6},"end":{"line":248,"column":42}},"81":{"start":{"line":251,"column":6},"end":{"line":251,"column":44}},"82":{"start":{"line":254,"column":4},"end":{"line":256,"column":7}},"83":{"start":{"line":258,"column":4},"end":{"line":258,"column":35}},"84":{"start":{"line":259,"column":4},"end":{"line":259,"column":61}},"85":{"start":{"line":263,"column":0},"end":{"line":291,"column":2}},"86":{"start":{"line":264,"column":2},"end":{"line":290,"column":3}},"87":{"start":{"line":265,"column":4},"end":{"line":270,"column":5}},"88":{"start":{"line":266,"column":6},"end":{"line":269,"column":9}},"89":{"start":{"line":272,"column":17},"end":{"line":272,"column":49}},"90":{"start":{"line":274,"column":4},"end":{"line":279,"column":5}},"91":{"start":{"line":275,"column":6},"end":{"line":278,"column":9}},"92":{"start":{"line":281,"column":4},"end":{"line":281,"column":25}},"93":{"start":{"line":283,"column":4},"end":{"line":286,"column":7}},"94":{"start":{"line":288,"column":4},"end":{"line":288,"column":23}},"95":{"start":{"line":289,"column":4},"end":{"line":289,"column":61}}},"fnMap":{"0":{"name":"(anonymous_0)","decl":{"start":{"line":9,"column":22},"end":{"line":9,"column":23}},"loc":{"start":{"line":9,"column":42},"end":{"line":87,"column":1}},"line":9},"1":{"name":"(anonymous_1)","decl":{"start":{"line":51,"column":32},"end":{"line":51,"column":33}},"loc":{"start":{"line":51,"column":42},"end":{"line":74,"column":5}},"line":51},"2":{"name":"(anonymous_2)","decl":{"start":{"line":89,"column":19},"end":{"line":89,"column":20}},"loc":{"start":{"line":89,"column":39},"end":{"line":150,"column":1}},"line":89},"3":{"name":"(anonymous_3)","decl":{"start":{"line":152,"column":23},"end":{"line":152,"column":24}},"loc":{"start":{"line":152,"column":43},"end":{"line":188,"column":1}},"line":152},"4":{"name":"(anonymous_4)","decl":{"start":{"line":190,"column":22},"end":{"line":190,"column":23}},"loc":{"start":{"line":190,"column":42},"end":{"line":261,"column":1}},"line":190},"5":{"name":"(anonymous_5)","decl":{"start":{"line":263,"column":22},"end":{"line":263,"column":23}},"loc":{"start":{"line":263,"column":42},"end":{"line":291,"column":1}},"line":263}},"branchMap":{"0":{"loc":{"start":{"line":11,"column":17},"end":{"line":11,"column":45}},"type":"binary-expr","locations":[{"start":{"line":11,"column":17},"end":{"line":11,"column":40}},{"start":{"line":11,"column":44},"end":{"line":11,"column":45}}],"line":11},"1":{"loc":{"start":{"line":12,"column":21},"end":{"line":12,"column":54}},"type":"binary-expr","locations":[{"start":{"line":12,"column":21},"end":{"line":12,"column":48}},{"start":{"line":12,"column":52},"end":{"line":12,"column":54}}],"line":12},"2":{"loc":{"start":{"line":24,"column":4},"end":{"line":26,"column":5}},"type":"if","locations":[{"start":{"line":24,"column":4},"end":{"line":26,"column":5}},{"start":{},"end":{}}],"line":24},"3":{"loc":{"start":{"line":27,"column":4},"end":{"line":29,"column":5}},"type":"if","locations":[{"start":{"line":27,"column":4},"end":{"line":29,"column":5}},{"start":{},"end":{}}],"line":27},"4":{"loc":{"start":{"line":30,"column":4},"end":{"line":32,"column":5}},"type":"if","locations":[{"start":{"line":30,"column":4},"end":{"line":32,"column":5}},{"start":{},"end":{}}],"line":30},"5":{"loc":{"start":{"line":33,"column":4},"end":{"line":35,"column":5}},"type":"if","locations":[{"start":{"line":33,"column":4},"end":{"line":35,"column":5}},{"start":{},"end":{}}],"line":33},"6":{"loc":{"start":{"line":36,"column":4},"end":{"line":40,"column":5}},"type":"if","locations":[{"start":{"line":36,"column":4},"end":{"line":40,"column":5}},{"start":{},"end":{}}],"line":36},"7":{"loc":{"start":{"line":41,"column":4},"end":{"line":43,"column":5}},"type":"if","locations":[{"start":{"line":41,"column":4},"end":{"line":43,"column":5}},{"start":{},"end":{}}],"line":41},"8":{"loc":{"start":{"line":91,"column":4},"end":{"line":95,"column":5}},"type":"if","locations":[{"start":{"line":91,"column":4},"end":{"line":95,"column":5}},{"start":{},"end":{}}],"line":91},"9":{"loc":{"start":{"line":99,"column":4},"end":{"line":103,"column":5}},"type":"if","locations":[{"start":{"line":99,"column":4},"end":{"line":103,"column":5}},{"start":{},"end":{}}],"line":99},"10":{"loc":{"start":{"line":105,"column":4},"end":{"line":109,"column":5}},"type":"if","locations":[{"start":{"line":105,"column":4},"end":{"line":109,"column":5}},{"start":{},"end":{}}],"line":105},"11":{"loc":{"start":{"line":157,"column":4},"end":{"line":159,"column":5}},"type":"if","locations":[{"start":{"line":157,"column":4},"end":{"line":159,"column":5}},{"start":{},"end":{}}],"line":157},"12":{"loc":{"start":{"line":192,"column":4},"end":{"line":196,"column":5}},"type":"if","locations":[{"start":{"line":192,"column":4},"end":{"line":196,"column":5}},{"start":{},"end":{}}],"line":192},"13":{"loc":{"start":{"line":200,"column":4},"end":{"line":204,"column":5}},"type":"if","locations":[{"start":{"line":200,"column":4},"end":{"line":204,"column":5}},{"start":{},"end":{}}],"line":200},"14":{"loc":{"start":{"line":230,"column":4},"end":{"line":252,"column":5}},"type":"if","locations":[{"start":{"line":230,"column":4},"end":{"line":252,"column":5}},{"start":{},"end":{}}],"line":230},"15":{"loc":{"start":{"line":230,"column":8},"end":{"line":230,"column":77}},"type":"binary-expr","locations":[{"start":{"line":230,"column":8},"end":{"line":230,"column":28}},{"start":{"line":230,"column":32},"end":{"line":230,"column":77}}],"line":230},"16":{"loc":{"start":{"line":265,"column":4},"end":{"line":270,"column":5}},"type":"if","locations":[{"start":{"line":265,"column":4},"end":{"line":270,"column":5}},{"start":{},"end":{}}],"line":265},"17":{"loc":{"start":{"line":274,"column":4},"end":{"line":279,"column":5}},"type":"if","locations":[{"start":{"line":274,"column":4},"end":{"line":279,"column":5}},{"start":{},"end":{}}],"line":274}},"s":{"0":1,"1":1,"2":1,"3":1,"4":1,"5":1,"6":1,"7":1,"8":9,"9":9,"10":8,"11":8,"12":8,"13":8,"14":8,"15":8,"16":8,"17":8,"18":8,"19":8,"20":8,"21":1,"22":8,"23":1,"24":8,"25":1,"26":8,"27":2,"28":8,"29":1,"30":1,"31":1,"32":8,"33":1,"34":8,"35":8,"36":13,"37":8,"38":1,"39":1,"40":1,"41":5,"42":5,"43":1,"44":4,"45":4,"46":1,"47":3,"48":1,"49":2,"50":2,"51":1,"52":1,"53":1,"54":1,"55":1,"56":1,"57":1,"58":1,"59":3,"60":3,"61":3,"62":2,"63":1,"64":1,"65":1,"66":1,"67":1,"68":4,"69":4,"70":1,"71":3,"72":2,"73":1,"74":1,"75":1,"76":1,"77":1,"78":1,"79":1,"80":1,"81":1,"82":1,"83":1,"84":1,"85":1,"86":4,"87":4,"88":1,"89":3,"90":2,"91":1,"92":1,"93":1,"94":1,"95":1},"f":{"0":9,"1":13,"2":5,"3":3,"4":4,"5":4},"b":{"0":[9,8],"1":[8,8],"2":[1,7],"3":[1,7],"4":[1,7],"5":[2,6],"6":[1,7],"7":[1,7],"8":[1,4],"9":[1,3],"10":[1,2],"11":[1,1],"12":[1,3],"13":[1,1],"14":[1,0],"15":[1,1],"16":[1,3],"17":[1,1]},"_coverageSchema":"1a1c01bbd47fc00a2c39e90264f33305004495a9","hash":"63ade35c992509f2f90b645c91025637ec427c3a"}
,"/home/notarget/Vscode/DATN/BE_CODE/app/services/user-services.js": {"path":"/home/notarget/Vscode/DATN/BE_CODE/app/services/user-services.js","statementMap":{"0":{"start":{"line":1,"column":17},"end":{"line":1,"column":46}},"1":{"start":{"line":2,"column":13},"end":{"line":2,"column":26}},"2":{"start":{"line":3,"column":15},"end":{"line":3,"column":35}},"3":{"start":{"line":5,"column":13},"end":{"line":5,"column":32}},"4":{"start":{"line":7,"column":0},"end":{"line":67,"column":2}},"5":{"start":{"line":8,"column":2},"end":{"line":66,"column":3}},"6":{"start":{"line":9,"column":17},"end":{"line":9,"column":45}},"7":{"start":{"line":10,"column":21},"end":{"line":10,"column":54}},"8":{"start":{"line":12,"column":19},"end":{"line":12,"column":40}},"9":{"start":{"line":13,"column":18},"end":{"line":13,"column":26}},"10":{"start":{"line":14,"column":18},"end":{"line":14,"column":32}},"11":{"start":{"line":15,"column":15},"end":{"line":15,"column":26}},"12":{"start":{"line":16,"column":21},"end":{"line":16,"column":38}},"13":{"start":{"line":17,"column":21},"end":{"line":17,"column":38}},"14":{"start":{"line":18,"column":16},"end":{"line":18,"column":28}},"15":{"start":{"line":19,"column":22},"end":{"line":19,"column":40}},"16":{"start":{"line":20,"column":16},"end":{"line":20,"column":28}},"17":{"start":{"line":23,"column":27},"end":{"line":23,"column":29}},"18":{"start":{"line":24,"column":4},"end":{"line":26,"column":5}},"19":{"start":{"line":25,"column":6},"end":{"line":25,"column":29}},"20":{"start":{"line":27,"column":4},"end":{"line":29,"column":5}},"21":{"start":{"line":28,"column":6},"end":{"line":28,"column":41}},"22":{"start":{"line":30,"column":4},"end":{"line":32,"column":5}},"23":{"start":{"line":31,"column":6},"end":{"line":31,"column":63}},"24":{"start":{"line":33,"column":4},"end":{"line":35,"column":5}},"25":{"start":{"line":34,"column":6},"end":{"line":34,"column":31}},"26":{"start":{"line":36,"column":4},"end":{"line":38,"column":5}},"27":{"start":{"line":37,"column":6},"end":{"line":37,"column":57}},"28":{"start":{"line":39,"column":4},"end":{"line":43,"column":5}},"29":{"start":{"line":40,"column":25},"end":{"line":40,"column":69}},"30":{"start":{"line":41,"column":23},"end":{"line":41,"column":72}},"31":{"start":{"line":42,"column":6},"end":{"line":42,"column":68}},"32":{"start":{"line":44,"column":4},"end":{"line":48,"column":5}},"33":{"start":{"line":45,"column":25},"end":{"line":45,"column":75}},"34":{"start":{"line":46,"column":23},"end":{"line":46,"column":78}},"35":{"start":{"line":47,"column":6},"end":{"line":47,"column":74}},"36":{"start":{"line":50,"column":18},"end":{"line":55,"column":6}},"37":{"start":{"line":57,"column":4},"end":{"line":63,"column":7}},"38":{"start":{"line":65,"column":4},"end":{"line":65,"column":61}},"39":{"start":{"line":69,"column":0},"end":{"line":84,"column":2}},"40":{"start":{"line":70,"column":2},"end":{"line":83,"column":3}},"41":{"start":{"line":71,"column":19},"end":{"line":71,"column":32}},"42":{"start":{"line":72,"column":17},"end":{"line":72,"column":44}},"43":{"start":{"line":74,"column":4},"end":{"line":76,"column":5}},"44":{"start":{"line":75,"column":6},"end":{"line":75,"column":65}},"45":{"start":{"line":78,"column":4},"end":{"line":78,"column":30}},"46":{"start":{"line":80,"column":4},"end":{"line":80,"column":19}},"47":{"start":{"line":82,"column":4},"end":{"line":82,"column":63}},"48":{"start":{"line":86,"column":0},"end":{"line":125,"column":2}},"49":{"start":{"line":87,"column":2},"end":{"line":124,"column":3}},"50":{"start":{"line":88,"column":4},"end":{"line":93,"column":5}},"51":{"start":{"line":89,"column":6},"end":{"line":92,"column":9}},"52":{"start":{"line":95,"column":17},"end":{"line":95,"column":49}},"53":{"start":{"line":97,"column":4},"end":{"line":102,"column":5}},"54":{"start":{"line":98,"column":6},"end":{"line":101,"column":9}},"55":{"start":{"line":104,"column":4},"end":{"line":104,"column":29}},"56":{"start":{"line":106,"column":4},"end":{"line":106,"column":26}},"57":{"start":{"line":107,"column":4},"end":{"line":107,"column":32}},"58":{"start":{"line":109,"column":4},"end":{"line":111,"column":5}},"59":{"start":{"line":110,"column":6},"end":{"line":110,"column":66}},"60":{"start":{"line":113,"column":4},"end":{"line":113,"column":32}},"61":{"start":{"line":115,"column":4},"end":{"line":118,"column":7}},"62":{"start":{"line":120,"column":4},"end":{"line":123,"column":7}},"63":{"start":{"line":127,"column":0},"end":{"line":157,"column":2}},"64":{"start":{"line":128,"column":2},"end":{"line":156,"column":3}},"65":{"start":{"line":129,"column":4},"end":{"line":134,"column":5}},"66":{"start":{"line":130,"column":6},"end":{"line":133,"column":9}},"67":{"start":{"line":136,"column":17},"end":{"line":136,"column":49}},"68":{"start":{"line":138,"column":4},"end":{"line":143,"column":5}},"69":{"start":{"line":139,"column":6},"end":{"line":142,"column":9}},"70":{"start":{"line":145,"column":4},"end":{"line":145,"column":25}},"71":{"start":{"line":147,"column":4},"end":{"line":150,"column":7}},"72":{"start":{"line":152,"column":4},"end":{"line":155,"column":7}}},"fnMap":{"0":{"name":"(anonymous_0)","decl":{"start":{"line":7,"column":22},"end":{"line":7,"column":23}},"loc":{"start":{"line":7,"column":42},"end":{"line":67,"column":1}},"line":7},"1":{"name":"(anonymous_1)","decl":{"start":{"line":69,"column":22},"end":{"line":69,"column":23}},"loc":{"start":{"line":69,"column":42},"end":{"line":84,"column":1}},"line":69},"2":{"name":"(anonymous_2)","decl":{"start":{"line":86,"column":21},"end":{"line":86,"column":22}},"loc":{"start":{"line":86,"column":41},"end":{"line":125,"column":1}},"line":86},"3":{"name":"(anonymous_3)","decl":{"start":{"line":127,"column":21},"end":{"line":127,"column":22}},"loc":{"start":{"line":127,"column":41},"end":{"line":157,"column":1}},"line":127}},"branchMap":{"0":{"loc":{"start":{"line":9,"column":17},"end":{"line":9,"column":45}},"type":"binary-expr","locations":[{"start":{"line":9,"column":17},"end":{"line":9,"column":40}},{"start":{"line":9,"column":44},"end":{"line":9,"column":45}}],"line":9},"1":{"loc":{"start":{"line":10,"column":21},"end":{"line":10,"column":54}},"type":"binary-expr","locations":[{"start":{"line":10,"column":21},"end":{"line":10,"column":48}},{"start":{"line":10,"column":52},"end":{"line":10,"column":54}}],"line":10},"2":{"loc":{"start":{"line":24,"column":4},"end":{"line":26,"column":5}},"type":"if","locations":[{"start":{"line":24,"column":4},"end":{"line":26,"column":5}},{"start":{},"end":{}}],"line":24},"3":{"loc":{"start":{"line":27,"column":4},"end":{"line":29,"column":5}},"type":"if","locations":[{"start":{"line":27,"column":4},"end":{"line":29,"column":5}},{"start":{},"end":{}}],"line":27},"4":{"loc":{"start":{"line":30,"column":4},"end":{"line":32,"column":5}},"type":"if","locations":[{"start":{"line":30,"column":4},"end":{"line":32,"column":5}},{"start":{},"end":{}}],"line":30},"5":{"loc":{"start":{"line":33,"column":4},"end":{"line":35,"column":5}},"type":"if","locations":[{"start":{"line":33,"column":4},"end":{"line":35,"column":5}},{"start":{},"end":{}}],"line":33},"6":{"loc":{"start":{"line":36,"column":4},"end":{"line":38,"column":5}},"type":"if","locations":[{"start":{"line":36,"column":4},"end":{"line":38,"column":5}},{"start":{},"end":{}}],"line":36},"7":{"loc":{"start":{"line":39,"column":4},"end":{"line":43,"column":5}},"type":"if","locations":[{"start":{"line":39,"column":4},"end":{"line":43,"column":5}},{"start":{},"end":{}}],"line":39},"8":{"loc":{"start":{"line":44,"column":4},"end":{"line":48,"column":5}},"type":"if","locations":[{"start":{"line":44,"column":4},"end":{"line":48,"column":5}},{"start":{},"end":{}}],"line":44},"9":{"loc":{"start":{"line":74,"column":4},"end":{"line":76,"column":5}},"type":"if","locations":[{"start":{"line":74,"column":4},"end":{"line":76,"column":5}},{"start":{},"end":{}}],"line":74},"10":{"loc":{"start":{"line":88,"column":4},"end":{"line":93,"column":5}},"type":"if","locations":[{"start":{"line":88,"column":4},"end":{"line":93,"column":5}},{"start":{},"end":{}}],"line":88},"11":{"loc":{"start":{"line":97,"column":4},"end":{"line":102,"column":5}},"type":"if","locations":[{"start":{"line":97,"column":4},"end":{"line":102,"column":5}},{"start":{},"end":{}}],"line":97},"12":{"loc":{"start":{"line":109,"column":4},"end":{"line":111,"column":5}},"type":"if","locations":[{"start":{"line":109,"column":4},"end":{"line":111,"column":5}},{"start":{},"end":{}}],"line":109},"13":{"loc":{"start":{"line":129,"column":4},"end":{"line":134,"column":5}},"type":"if","locations":[{"start":{"line":129,"column":4},"end":{"line":134,"column":5}},{"start":{},"end":{}}],"line":129},"14":{"loc":{"start":{"line":138,"column":4},"end":{"line":143,"column":5}},"type":"if","locations":[{"start":{"line":138,"column":4},"end":{"line":143,"column":5}},{"start":{},"end":{}}],"line":138}},"s":{"0":1,"1":1,"2":1,"3":1,"4":1,"5":9,"6":9,"7":9,"8":9,"9":9,"10":9,"11":9,"12":9,"13":9,"14":9,"15":9,"16":9,"17":9,"18":9,"19":1,"20":9,"21":1,"22":9,"23":1,"24":9,"25":2,"26":9,"27":2,"28":9,"29":1,"30":1,"31":1,"32":9,"33":1,"34":1,"35":1,"36":9,"37":8,"38":1,"39":1,"40":3,"41":3,"42":3,"43":2,"44":1,"45":1,"46":1,"47":1,"48":1,"49":4,"50":4,"51":1,"52":3,"53":0,"54":0,"55":0,"56":0,"57":0,"58":0,"59":0,"60":0,"61":0,"62":3,"63":1,"64":4,"65":4,"66":1,"67":3,"68":0,"69":0,"70":0,"71":0,"72":3},"f":{"0":9,"1":3,"2":4,"3":4},"b":{"0":[9,8],"1":[9,8],"2":[1,8],"3":[1,8],"4":[1,8],"5":[2,7],"6":[2,7],"7":[1,8],"8":[1,8],"9":[1,1],"10":[1,3],"11":[0,0],"12":[0,0],"13":[1,3],"14":[0,0]},"_coverageSchema":"1a1c01bbd47fc00a2c39e90264f33305004495a9","hash":"9952c26d8b107900de4c8cc0163298a23b42cff7"}
}
