{"D:\\Code\\SQA\\DATN\\BE_CODE\\app\\config\\config-jwt.js": {"path":"D:\\Code\\SQA\\DATN\\BE_CODE\\app\\config\\config-jwt.js","statementMap":{"0":{"start":{"line":1,"column":0},"end":{"line":3,"column":2}}},"fnMap":{},"branchMap":{},"s":{"0":1},"f":{},"b":{},"_coverageSchema":"1a1c01bbd47fc00a2c39e90264f33305004495a9","hash":"7022f3a09d2c0f0a255312f176a7b0a68870628e"}
,"D:\\Code\\SQA\\DATN\\BE_CODE\\app\\config\\db.config.js": {"path":"D:\\Code\\SQA\\DATN\\BE_CODE\\app\\config\\db.config.js","statementMap":{"0":{"start":{"line":1,"column":0},"end":{"line":3,"column":3}},"1":{"start":{"line":6,"column":0},"end":{"line":19,"column":2}}},"fnMap":{},"branchMap":{},"s":{"0":3,"1":3},"f":{},"b":{},"_coverageSchema":"1a1c01bbd47fc00a2c39e90264f33305004495a9","hash":"3596955457c3fa4fb7225f8a129beddcb43a7d35"}
,"D:\\Code\\SQA\\DATN\\BE_CODE\\app\\models\\database.js": {"path":"D:\\Code\\SQA\\DATN\\BE_CODE\\app\\models\\database.js","statementMap":{"0":{"start":{"line":1,"column":16},"end":{"line":10,"column":1}},"1":{"start":{"line":12,"column":0},"end":{"line":12,"column":25}}},"fnMap":{},"branchMap":{},"s":{"0":3,"1":3},"f":{},"b":{},"_coverageSchema":"1a1c01bbd47fc00a2c39e90264f33305004495a9","hash":"882f04087639534308b633fd5c9ec28158d9d301"}
,"D:\\Code\\SQA\\DATN\\BE_CODE\\app\\models\\department.js": {"path":"D:\\Code\\SQA\\DATN\\BE_CODE\\app\\models\\department.js","statementMap":{"0":{"start":{"line":1,"column":16},"end":{"line":1,"column":37}},"1":{"start":{"line":2,"column":22},"end":{"line":2,"column":42}},"2":{"start":{"line":4,"column":0},"end":{"line":24,"column":2}},"3":{"start":{"line":5,"column":18},"end":{"line":21,"column":3}},"4":{"start":{"line":23,"column":2},"end":{"line":23,"column":17}}},"fnMap":{"0":{"name":"(anonymous_0)","decl":{"start":{"line":4,"column":17},"end":{"line":4,"column":18}},"loc":{"start":{"line":4,"column":43},"end":{"line":24,"column":1}},"line":4}},"branchMap":{},"s":{"0":3,"1":3,"2":3,"3":3,"4":3},"f":{"0":3},"b":{},"_coverageSchema":"1a1c01bbd47fc00a2c39e90264f33305004495a9","hash":"c52178d01224880937fa18744c78f2f3cb78e690"}
,"D:\\Code\\SQA\\DATN\\BE_CODE\\app\\models\\index.js": {"path":"D:\\Code\\SQA\\DATN\\BE_CODE\\app\\models\\index.js","statementMap":{"0":{"start":{"line":1,"column":22},"end":{"line":1,"column":55}},"1":{"start":{"line":2,"column":18},"end":{"line":2,"column":38}},"2":{"start":{"line":4,"column":18},"end":{"line":19,"column":1}},"3":{"start":{"line":21,"column":17},"end":{"line":21,"column":19}},"4":{"start":{"line":22,"column":0},"end":{"line":22,"column":31}},"5":{"start":{"line":23,"column":0},"end":{"line":23,"column":31}},"6":{"start":{"line":24,"column":0},"end":{"line":24,"column":59}},"7":{"start":{"line":25,"column":0},"end":{"line":25,"column":65}},"8":{"start":{"line":26,"column":0},"end":{"line":26,"column":75}},"9":{"start":{"line":27,"column":0},"end":{"line":27,"column":59}},"10":{"start":{"line":28,"column":0},"end":{"line":28,"column":67}},"11":{"start":{"line":29,"column":0},"end":{"line":29,"column":71}},"12":{"start":{"line":30,"column":0},"end":{"line":30,"column":75}},"13":{"start":{"line":33,"column":0},"end":{"line":38,"column":3}},"14":{"start":{"line":39,"column":0},"end":{"line":44,"column":3}},"15":{"start":{"line":47,"column":0},"end":{"line":51,"column":3}},"16":{"start":{"line":54,"column":0},"end":{"line":58,"column":3}},"17":{"start":{"line":61,"column":0},"end":{"line":65,"column":3}},"18":{"start":{"line":66,"column":0},"end":{"line":70,"column":3}},"19":{"start":{"line":82,"column":0},"end":{"line":82,"column":26}}},"fnMap":{},"branchMap":{},"s":{"0":3,"1":3,"2":3,"3":3,"4":3,"5":3,"6":3,"7":3,"8":3,"9":3,"10":3,"11":3,"12":3,"13":3,"14":3,"15":3,"16":3,"17":3,"18":3,"19":3},"f":{},"b":{},"_coverageSchema":"1a1c01bbd47fc00a2c39e90264f33305004495a9","hash":"6edb36d697aadf3a347a2a56e8d97eb130e30401"}
,"D:\\Code\\SQA\\DATN\\BE_CODE\\app\\models\\notification.js": {"path":"D:\\Code\\SQA\\DATN\\BE_CODE\\app\\models\\notification.js","statementMap":{"0":{"start":{"line":1,"column":16},"end":{"line":1,"column":37}},"1":{"start":{"line":2,"column":22},"end":{"line":2,"column":42}},"2":{"start":{"line":4,"column":0},"end":{"line":35,"column":2}},"3":{"start":{"line":5,"column":23},"end":{"line":32,"column":3}},"4":{"start":{"line":34,"column":2},"end":{"line":34,"column":22}}},"fnMap":{"0":{"name":"(anonymous_0)","decl":{"start":{"line":4,"column":17},"end":{"line":4,"column":18}},"loc":{"start":{"line":4,"column":43},"end":{"line":35,"column":1}},"line":4}},"branchMap":{},"s":{"0":3,"1":3,"2":3,"3":3,"4":3},"f":{"0":3},"b":{},"_coverageSchema":"1a1c01bbd47fc00a2c39e90264f33305004495a9","hash":"3086dd09c956eff892fe6010e8ca2fd7941e2f4b"}
,"D:\\Code\\SQA\\DATN\\BE_CODE\\app\\models\\project-user.js": {"path":"D:\\Code\\SQA\\DATN\\BE_CODE\\app\\models\\project-user.js","statementMap":{"0":{"start":{"line":1,"column":16},"end":{"line":1,"column":40}},"1":{"start":{"line":2,"column":22},"end":{"line":2,"column":42}},"2":{"start":{"line":4,"column":0},"end":{"line":34,"column":2}},"3":{"start":{"line":5,"column":22},"end":{"line":31,"column":3}},"4":{"start":{"line":33,"column":2},"end":{"line":33,"column":21}}},"fnMap":{"0":{"name":"(anonymous_0)","decl":{"start":{"line":4,"column":17},"end":{"line":4,"column":18}},"loc":{"start":{"line":4,"column":43},"end":{"line":34,"column":1}},"line":4}},"branchMap":{},"s":{"0":3,"1":3,"2":3,"3":3,"4":3},"f":{"0":3},"b":{},"_coverageSchema":"1a1c01bbd47fc00a2c39e90264f33305004495a9","hash":"3c3ec8d43beec816e9317dd137aefb58194b0f5a"}
,"D:\\Code\\SQA\\DATN\\BE_CODE\\app\\models\\project.js": {"path":"D:\\Code\\SQA\\DATN\\BE_CODE\\app\\models\\project.js","statementMap":{"0":{"start":{"line":1,"column":16},"end":{"line":1,"column":37}},"1":{"start":{"line":2,"column":22},"end":{"line":2,"column":42}},"2":{"start":{"line":4,"column":0},"end":{"line":36,"column":2}},"3":{"start":{"line":5,"column":18},"end":{"line":33,"column":3}},"4":{"start":{"line":35,"column":2},"end":{"line":35,"column":17}}},"fnMap":{"0":{"name":"(anonymous_0)","decl":{"start":{"line":4,"column":17},"end":{"line":4,"column":18}},"loc":{"start":{"line":4,"column":43},"end":{"line":36,"column":1}},"line":4}},"branchMap":{},"s":{"0":3,"1":3,"2":3,"3":3,"4":3},"f":{"0":3},"b":{},"_coverageSchema":"1a1c01bbd47fc00a2c39e90264f33305004495a9","hash":"ad1398917ba087f2c0946ca3ae4931524986db03"}
,"D:\\Code\\SQA\\DATN\\BE_CODE\\app\\models\\sub-task.js": {"path":"D:\\Code\\SQA\\DATN\\BE_CODE\\app\\models\\sub-task.js","statementMap":{"0":{"start":{"line":1,"column":16},"end":{"line":1,"column":37}},"1":{"start":{"line":2,"column":22},"end":{"line":2,"column":42}},"2":{"start":{"line":4,"column":0},"end":{"line":69,"column":2}},"3":{"start":{"line":5,"column":15},"end":{"line":67,"column":3}},"4":{"start":{"line":68,"column":2},"end":{"line":68,"column":14}}},"fnMap":{"0":{"name":"(anonymous_0)","decl":{"start":{"line":4,"column":17},"end":{"line":4,"column":18}},"loc":{"start":{"line":4,"column":43},"end":{"line":69,"column":1}},"line":4}},"branchMap":{},"s":{"0":3,"1":3,"2":3,"3":3,"4":3},"f":{"0":3},"b":{},"_coverageSchema":"1a1c01bbd47fc00a2c39e90264f33305004495a9","hash":"9e587c371734273054e55d4390cbe41d5465bf8f"}
,"D:\\Code\\SQA\\DATN\\BE_CODE\\app\\models\\task.js": {"path":"D:\\Code\\SQA\\DATN\\BE_CODE\\app\\models\\task.js","statementMap":{"0":{"start":{"line":1,"column":16},"end":{"line":1,"column":37}},"1":{"start":{"line":2,"column":22},"end":{"line":2,"column":42}},"2":{"start":{"line":4,"column":0},"end":{"line":73,"column":2}},"3":{"start":{"line":5,"column":15},"end":{"line":71,"column":3}},"4":{"start":{"line":72,"column":2},"end":{"line":72,"column":14}}},"fnMap":{"0":{"name":"(anonymous_0)","decl":{"start":{"line":4,"column":17},"end":{"line":4,"column":18}},"loc":{"start":{"line":4,"column":43},"end":{"line":73,"column":1}},"line":4}},"branchMap":{},"s":{"0":3,"1":3,"2":3,"3":3,"4":3},"f":{"0":3},"b":{},"_coverageSchema":"1a1c01bbd47fc00a2c39e90264f33305004495a9","hash":"d0c8e2986826af4811fd3da6b126a6d62d003265"}
,"D:\\Code\\SQA\\DATN\\BE_CODE\\app\\models\\user.js": {"path":"D:\\Code\\SQA\\DATN\\BE_CODE\\app\\models\\user.js","statementMap":{"0":{"start":{"line":1,"column":16},"end":{"line":1,"column":37}},"1":{"start":{"line":2,"column":22},"end":{"line":2,"column":42}},"2":{"start":{"line":4,"column":0},"end":{"line":68,"column":2}},"3":{"start":{"line":5,"column":15},"end":{"line":65,"column":3}},"4":{"start":{"line":67,"column":2},"end":{"line":67,"column":14}}},"fnMap":{"0":{"name":"(anonymous_0)","decl":{"start":{"line":4,"column":17},"end":{"line":4,"column":18}},"loc":{"start":{"line":4,"column":43},"end":{"line":68,"column":1}},"line":4}},"branchMap":{},"s":{"0":3,"1":3,"2":3,"3":3,"4":3},"f":{"0":3},"b":{},"_coverageSchema":"1a1c01bbd47fc00a2c39e90264f33305004495a9","hash":"0cf4b457dbc95e8ff27d6ecd8dc8c503abebe186"}
,"D:\\Code\\SQA\\DATN\\BE_CODE\\app\\services\\auth-services.js": {"path":"D:\\Code\\SQA\\DATN\\BE_CODE\\app\\services\\auth-services.js","statementMap":{"0":{"start":{"line":1,"column":15},"end":{"line":1,"column":34}},"1":{"start":{"line":2,"column":12},"end":{"line":2,"column":35}},"2":{"start":{"line":3,"column":22},"end":{"line":3,"column":53}},"3":{"start":{"line":4,"column":19},"end":{"line":4,"column":50}},"4":{"start":{"line":5,"column":17},"end":{"line":5,"column":37}},"5":{"start":{"line":6,"column":13},"end":{"line":6,"column":26}},"6":{"start":{"line":9,"column":2},"end":{"line":13,"column":3}},"7":{"start":{"line":10,"column":4},"end":{"line":12,"column":7}},"8":{"start":{"line":16,"column":0},"end":{"line":41,"column":2}},"9":{"start":{"line":17,"column":2},"end":{"line":40,"column":3}},"10":{"start":{"line":18,"column":4},"end":{"line":18,"column":25}},"11":{"start":{"line":20,"column":4},"end":{"line":35,"column":7}},"12":{"start":{"line":37,"column":4},"end":{"line":37,"column":65}},"13":{"start":{"line":39,"column":4},"end":{"line":39,"column":60}},"14":{"start":{"line":43,"column":0},"end":{"line":79,"column":2}},"15":{"start":{"line":44,"column":2},"end":{"line":78,"column":3}},"16":{"start":{"line":45,"column":4},"end":{"line":49,"column":5}},"17":{"start":{"line":46,"column":6},"end":{"line":48,"column":65}},"18":{"start":{"line":51,"column":17},"end":{"line":51,"column":79}},"19":{"start":{"line":53,"column":4},"end":{"line":55,"column":5}},"20":{"start":{"line":54,"column":6},"end":{"line":54,"column":65}},"21":{"start":{"line":57,"column":28},"end":{"line":60,"column":5}},"22":{"start":{"line":61,"column":4},"end":{"line":63,"column":5}},"23":{"start":{"line":62,"column":6},"end":{"line":62,"column":68}},"24":{"start":{"line":65,"column":18},"end":{"line":67,"column":6}},"25":{"start":{"line":69,"column":4},"end":{"line":74,"column":7}},"26":{"start":{"line":76,"column":4},"end":{"line":76,"column":40}},"27":{"start":{"line":77,"column":4},"end":{"line":77,"column":58}}},"fnMap":{"0":{"name":"validateRequest","decl":{"start":{"line":8,"column":9},"end":{"line":8,"column":24}},"loc":{"start":{"line":8,"column":30},"end":{"line":14,"column":1}},"line":8},"1":{"name":"(anonymous_1)","decl":{"start":{"line":16,"column":17},"end":{"line":16,"column":18}},"loc":{"start":{"line":16,"column":37},"end":{"line":41,"column":1}},"line":16},"2":{"name":"(anonymous_2)","decl":{"start":{"line":43,"column":17},"end":{"line":43,"column":18}},"loc":{"start":{"line":43,"column":37},"end":{"line":79,"column":1}},"line":43}},"branchMap":{"0":{"loc":{"start":{"line":9,"column":2},"end":{"line":13,"column":3}},"type":"if","locations":[{"start":{"line":9,"column":2},"end":{"line":13,"column":3}},{"start":{},"end":{}}],"line":9},"1":{"loc":{"start":{"line":45,"column":4},"end":{"line":49,"column":5}},"type":"if","locations":[{"start":{"line":45,"column":4},"end":{"line":49,"column":5}},{"start":{},"end":{}}],"line":45},"2":{"loc":{"start":{"line":45,"column":8},"end":{"line":45,"column":48}},"type":"binary-expr","locations":[{"start":{"line":45,"column":8},"end":{"line":45,"column":26}},{"start":{"line":45,"column":30},"end":{"line":45,"column":48}}],"line":45},"3":{"loc":{"start":{"line":53,"column":4},"end":{"line":55,"column":5}},"type":"if","locations":[{"start":{"line":53,"column":4},"end":{"line":55,"column":5}},{"start":{},"end":{}}],"line":53},"4":{"loc":{"start":{"line":61,"column":4},"end":{"line":63,"column":5}},"type":"if","locations":[{"start":{"line":61,"column":4},"end":{"line":63,"column":5}},{"start":{},"end":{}}],"line":61}},"s":{"0":1,"1":1,"2":1,"3":1,"4":1,"5":1,"6":0,"7":0,"8":1,"9":0,"10":0,"11":0,"12":0,"13":0,"14":1,"15":0,"16":0,"17":0,"18":0,"19":0,"20":0,"21":0,"22":0,"23":0,"24":0,"25":0,"26":0,"27":0},"f":{"0":0,"1":0,"2":0},"b":{"0":[0,0],"1":[0,0],"2":[0,0],"3":[0,0],"4":[0,0]},"_coverageSchema":"1a1c01bbd47fc00a2c39e90264f33305004495a9","hash":"8568f1557752ea97b0454b1a76fcd261f27f2877"}
,"D:\\Code\\SQA\\DATN\\BE_CODE\\app\\services\\department-services.js": {"path":"D:\\Code\\SQA\\DATN\\BE_CODE\\app\\services\\department-services.js","statementMap":{"0":{"start":{"line":1,"column":17},"end":{"line":1,"column":46}},"1":{"start":{"line":2,"column":19},"end":{"line":2,"column":38}},"2":{"start":{"line":3,"column":13},"end":{"line":3,"column":26}},"3":{"start":{"line":4,"column":15},"end":{"line":4,"column":35}},"4":{"start":{"line":6,"column":0},"end":{"line":67,"column":2}},"5":{"start":{"line":7,"column":2},"end":{"line":66,"column":3}},"6":{"start":{"line":8,"column":17},"end":{"line":8,"column":45}},"7":{"start":{"line":9,"column":21},"end":{"line":9,"column":54}},"8":{"start":{"line":11,"column":19},"end":{"line":11,"column":40}},"9":{"start":{"line":12,"column":18},"end":{"line":12,"column":26}},"10":{"start":{"line":13,"column":17},"end":{"line":13,"column":30}},"11":{"start":{"line":14,"column":15},"end":{"line":14,"column":26}},"12":{"start":{"line":15,"column":24},"end":{"line":15,"column":44}},"13":{"start":{"line":16,"column":23},"end":{"line":16,"column":42}},"14":{"start":{"line":17,"column":22},"end":{"line":17,"column":40}},"15":{"start":{"line":20,"column":27},"end":{"line":20,"column":29}},"16":{"start":{"line":21,"column":4},"end":{"line":23,"column":5}},"17":{"start":{"line":22,"column":6},"end":{"line":22,"column":29}},"18":{"start":{"line":24,"column":4},"end":{"line":26,"column":5}},"19":{"start":{"line":25,"column":6},"end":{"line":25,"column":55}},"20":{"start":{"line":27,"column":4},"end":{"line":29,"column":5}},"21":{"start":{"line":28,"column":6},"end":{"line":28,"column":69}},"22":{"start":{"line":30,"column":4},"end":{"line":32,"column":5}},"23":{"start":{"line":31,"column":6},"end":{"line":31,"column":45}},"24":{"start":{"line":33,"column":4},"end":{"line":37,"column":5}},"25":{"start":{"line":34,"column":25},"end":{"line":34,"column":75}},"26":{"start":{"line":35,"column":23},"end":{"line":35,"column":78}},"27":{"start":{"line":36,"column":6},"end":{"line":36,"column":74}},"28":{"start":{"line":39,"column":24},"end":{"line":47,"column":6}},"29":{"start":{"line":49,"column":17},"end":{"line":54,"column":6}},"30":{"start":{"line":50,"column":6},"end":{"line":53,"column":8}},"31":{"start":{"line":56,"column":4},"end":{"line":62,"column":7}},"32":{"start":{"line":64,"column":4},"end":{"line":64,"column":23}},"33":{"start":{"line":65,"column":4},"end":{"line":65,"column":61}},"34":{"start":{"line":69,"column":0},"end":{"line":81,"column":2}},"35":{"start":{"line":70,"column":15},"end":{"line":74,"column":3}},"36":{"start":{"line":76,"column":2},"end":{"line":80,"column":7}},"37":{"start":{"line":79,"column":6},"end":{"line":79,"column":59}},"38":{"start":{"line":83,"column":0},"end":{"line":101,"column":2}},"39":{"start":{"line":84,"column":2},"end":{"line":100,"column":3}},"40":{"start":{"line":85,"column":25},"end":{"line":85,"column":38}},"41":{"start":{"line":86,"column":23},"end":{"line":91,"column":6}},"42":{"start":{"line":93,"column":4},"end":{"line":95,"column":5}},"43":{"start":{"line":94,"column":6},"end":{"line":94,"column":71}},"44":{"start":{"line":97,"column":4},"end":{"line":97,"column":25}},"45":{"start":{"line":99,"column":4},"end":{"line":99,"column":63}},"46":{"start":{"line":103,"column":0},"end":{"line":133,"column":2}},"47":{"start":{"line":104,"column":2},"end":{"line":132,"column":3}},"48":{"start":{"line":105,"column":4},"end":{"line":110,"column":5}},"49":{"start":{"line":106,"column":6},"end":{"line":109,"column":9}},"50":{"start":{"line":112,"column":23},"end":{"line":112,"column":61}},"51":{"start":{"line":114,"column":4},"end":{"line":119,"column":5}},"52":{"start":{"line":115,"column":6},"end":{"line":118,"column":9}},"53":{"start":{"line":121,"column":4},"end":{"line":121,"column":38}},"54":{"start":{"line":123,"column":4},"end":{"line":126,"column":7}},"55":{"start":{"line":128,"column":4},"end":{"line":131,"column":7}},"56":{"start":{"line":135,"column":0},"end":{"line":165,"column":2}},"57":{"start":{"line":136,"column":2},"end":{"line":164,"column":3}},"58":{"start":{"line":137,"column":4},"end":{"line":142,"column":5}},"59":{"start":{"line":138,"column":6},"end":{"line":141,"column":9}},"60":{"start":{"line":144,"column":23},"end":{"line":144,"column":61}},"61":{"start":{"line":146,"column":4},"end":{"line":151,"column":5}},"62":{"start":{"line":147,"column":6},"end":{"line":150,"column":9}},"63":{"start":{"line":153,"column":4},"end":{"line":153,"column":31}},"64":{"start":{"line":155,"column":4},"end":{"line":158,"column":7}},"65":{"start":{"line":160,"column":4},"end":{"line":163,"column":7}},"66":{"start":{"line":167,"column":0},"end":{"line":213,"column":2}},"67":{"start":{"line":168,"column":2},"end":{"line":212,"column":3}},"68":{"start":{"line":169,"column":17},"end":{"line":172,"column":5}},"69":{"start":{"line":174,"column":23},"end":{"line":174,"column":67}},"70":{"start":{"line":175,"column":4},"end":{"line":179,"column":5}},"71":{"start":{"line":176,"column":6},"end":{"line":178,"column":9}},"72":{"start":{"line":181,"column":4},"end":{"line":185,"column":5}},"73":{"start":{"line":182,"column":6},"end":{"line":184,"column":9}},"74":{"start":{"line":187,"column":18},"end":{"line":191,"column":6}},"75":{"start":{"line":193,"column":4},"end":{"line":199,"column":5}},"76":{"start":{"line":194,"column":6},"end":{"line":198,"column":9}},"77":{"start":{"line":201,"column":4},"end":{"line":201,"column":37}},"78":{"start":{"line":203,"column":4},"end":{"line":207,"column":7}},"79":{"start":{"line":209,"column":4},"end":{"line":211,"column":7}},"80":{"start":{"line":215,"column":0},"end":{"line":243,"column":2}},"81":{"start":{"line":216,"column":2},"end":{"line":242,"column":3}},"82":{"start":{"line":217,"column":37},"end":{"line":217,"column":45}},"83":{"start":{"line":219,"column":23},"end":{"line":219,"column":62}},"84":{"start":{"line":220,"column":4},"end":{"line":224,"column":5}},"85":{"start":{"line":221,"column":6},"end":{"line":223,"column":9}},"86":{"start":{"line":226,"column":17},"end":{"line":226,"column":44}},"87":{"start":{"line":227,"column":4},"end":{"line":231,"column":5}},"88":{"start":{"line":228,"column":6},"end":{"line":230,"column":9}},"89":{"start":{"line":233,"column":4},"end":{"line":233,"column":38}},"90":{"start":{"line":235,"column":4},"end":{"line":237,"column":7}},"91":{"start":{"line":239,"column":4},"end":{"line":241,"column":7}},"92":{"start":{"line":246,"column":2},"end":{"line":251,"column":3}},"93":{"start":{"line":247,"column":4},"end":{"line":249,"column":7}},"94":{"start":{"line":250,"column":4},"end":{"line":250,"column":11}}},"fnMap":{"0":{"name":"(anonymous_0)","decl":{"start":{"line":6,"column":28},"end":{"line":6,"column":29}},"loc":{"start":{"line":6,"column":48},"end":{"line":67,"column":1}},"line":6},"1":{"name":"(anonymous_1)","decl":{"start":{"line":49,"column":38},"end":{"line":49,"column":39}},"loc":{"start":{"line":49,"column":48},"end":{"line":54,"column":5}},"line":49},"2":{"name":"(anonymous_2)","decl":{"start":{"line":69,"column":25},"end":{"line":69,"column":26}},"loc":{"start":{"line":69,"column":45},"end":{"line":81,"column":1}},"line":69},"3":{"name":"(anonymous_3)","decl":{"start":{"line":78,"column":11},"end":{"line":78,"column":12}},"loc":{"start":{"line":78,"column":26},"end":{"line":80,"column":5}},"line":78},"4":{"name":"(anonymous_4)","decl":{"start":{"line":83,"column":28},"end":{"line":83,"column":29}},"loc":{"start":{"line":83,"column":48},"end":{"line":101,"column":1}},"line":83},"5":{"name":"(anonymous_5)","decl":{"start":{"line":103,"column":27},"end":{"line":103,"column":28}},"loc":{"start":{"line":103,"column":47},"end":{"line":133,"column":1}},"line":103},"6":{"name":"(anonymous_6)","decl":{"start":{"line":135,"column":27},"end":{"line":135,"column":28}},"loc":{"start":{"line":135,"column":47},"end":{"line":165,"column":1}},"line":135},"7":{"name":"(anonymous_7)","decl":{"start":{"line":167,"column":31},"end":{"line":167,"column":32}},"loc":{"start":{"line":167,"column":51},"end":{"line":213,"column":1}},"line":167},"8":{"name":"(anonymous_8)","decl":{"start":{"line":215,"column":35},"end":{"line":215,"column":36}},"loc":{"start":{"line":215,"column":55},"end":{"line":243,"column":1}},"line":215},"9":{"name":"validateRequest","decl":{"start":{"line":245,"column":9},"end":{"line":245,"column":24}},"loc":{"start":{"line":245,"column":30},"end":{"line":252,"column":1}},"line":245}},"branchMap":{"0":{"loc":{"start":{"line":8,"column":17},"end":{"line":8,"column":45}},"type":"binary-expr","locations":[{"start":{"line":8,"column":17},"end":{"line":8,"column":40}},{"start":{"line":8,"column":44},"end":{"line":8,"column":45}}],"line":8},"1":{"loc":{"start":{"line":9,"column":21},"end":{"line":9,"column":54}},"type":"binary-expr","locations":[{"start":{"line":9,"column":21},"end":{"line":9,"column":48}},{"start":{"line":9,"column":52},"end":{"line":9,"column":54}}],"line":9},"2":{"loc":{"start":{"line":21,"column":4},"end":{"line":23,"column":5}},"type":"if","locations":[{"start":{"line":21,"column":4},"end":{"line":23,"column":5}},{"start":{},"end":{}}],"line":21},"3":{"loc":{"start":{"line":24,"column":4},"end":{"line":26,"column":5}},"type":"if","locations":[{"start":{"line":24,"column":4},"end":{"line":26,"column":5}},{"start":{},"end":{}}],"line":24},"4":{"loc":{"start":{"line":27,"column":4},"end":{"line":29,"column":5}},"type":"if","locations":[{"start":{"line":27,"column":4},"end":{"line":29,"column":5}},{"start":{},"end":{}}],"line":27},"5":{"loc":{"start":{"line":30,"column":4},"end":{"line":32,"column":5}},"type":"if","locations":[{"start":{"line":30,"column":4},"end":{"line":32,"column":5}},{"start":{},"end":{}}],"line":30},"6":{"loc":{"start":{"line":33,"column":4},"end":{"line":37,"column":5}},"type":"if","locations":[{"start":{"line":33,"column":4},"end":{"line":37,"column":5}},{"start":{},"end":{}}],"line":33},"7":{"loc":{"start":{"line":93,"column":4},"end":{"line":95,"column":5}},"type":"if","locations":[{"start":{"line":93,"column":4},"end":{"line":95,"column":5}},{"start":{},"end":{}}],"line":93},"8":{"loc":{"start":{"line":105,"column":4},"end":{"line":110,"column":5}},"type":"if","locations":[{"start":{"line":105,"column":4},"end":{"line":110,"column":5}},{"start":{},"end":{}}],"line":105},"9":{"loc":{"start":{"line":114,"column":4},"end":{"line":119,"column":5}},"type":"if","locations":[{"start":{"line":114,"column":4},"end":{"line":119,"column":5}},{"start":{},"end":{}}],"line":114},"10":{"loc":{"start":{"line":137,"column":4},"end":{"line":142,"column":5}},"type":"if","locations":[{"start":{"line":137,"column":4},"end":{"line":142,"column":5}},{"start":{},"end":{}}],"line":137},"11":{"loc":{"start":{"line":146,"column":4},"end":{"line":151,"column":5}},"type":"if","locations":[{"start":{"line":146,"column":4},"end":{"line":151,"column":5}},{"start":{},"end":{}}],"line":146},"12":{"loc":{"start":{"line":175,"column":4},"end":{"line":179,"column":5}},"type":"if","locations":[{"start":{"line":175,"column":4},"end":{"line":179,"column":5}},{"start":{},"end":{}}],"line":175},"13":{"loc":{"start":{"line":181,"column":4},"end":{"line":185,"column":5}},"type":"if","locations":[{"start":{"line":181,"column":4},"end":{"line":185,"column":5}},{"start":{},"end":{}}],"line":181},"14":{"loc":{"start":{"line":181,"column":8},"end":{"line":181,"column":65}},"type":"binary-expr","locations":[{"start":{"line":181,"column":8},"end":{"line":181,"column":36}},{"start":{"line":181,"column":40},"end":{"line":181,"column":65}}],"line":181},"15":{"loc":{"start":{"line":193,"column":4},"end":{"line":199,"column":5}},"type":"if","locations":[{"start":{"line":193,"column":4},"end":{"line":199,"column":5}},{"start":{},"end":{}}],"line":193},"16":{"loc":{"start":{"line":220,"column":4},"end":{"line":224,"column":5}},"type":"if","locations":[{"start":{"line":220,"column":4},"end":{"line":224,"column":5}},{"start":{},"end":{}}],"line":220},"17":{"loc":{"start":{"line":227,"column":4},"end":{"line":231,"column":5}},"type":"if","locations":[{"start":{"line":227,"column":4},"end":{"line":231,"column":5}},{"start":{},"end":{}}],"line":227},"18":{"loc":{"start":{"line":246,"column":2},"end":{"line":251,"column":3}},"type":"if","locations":[{"start":{"line":246,"column":2},"end":{"line":251,"column":3}},{"start":{},"end":{}}],"line":246}},"s":{"0":1,"1":1,"2":1,"3":1,"4":1,"5":0,"6":0,"7":0,"8":0,"9":0,"10":0,"11":0,"12":0,"13":0,"14":0,"15":0,"16":0,"17":0,"18":0,"19":0,"20":0,"21":0,"22":0,"23":0,"24":0,"25":0,"26":0,"27":0,"28":0,"29":0,"30":0,"31":0,"32":0,"33":0,"34":1,"35":1,"36":1,"37":0,"38":1,"39":2,"40":2,"41":2,"42":2,"43":1,"44":1,"45":0,"46":1,"47":0,"48":0,"49":0,"50":0,"51":0,"52":0,"53":0,"54":0,"55":0,"56":1,"57":0,"58":0,"59":0,"60":0,"61":0,"62":0,"63":0,"64":0,"65":0,"66":1,"67":0,"68":0,"69":0,"70":0,"71":0,"72":0,"73":0,"74":0,"75":0,"76":0,"77":0,"78":0,"79":0,"80":1,"81":0,"82":0,"83":0,"84":0,"85":0,"86":0,"87":0,"88":0,"89":0,"90":0,"91":0,"92":0,"93":0,"94":0},"f":{"0":0,"1":0,"2":1,"3":0,"4":2,"5":0,"6":0,"7":0,"8":0,"9":0},"b":{"0":[0,0],"1":[0,0],"2":[0,0],"3":[0,0],"4":[0,0],"5":[0,0],"6":[0,0],"7":[1,1],"8":[0,0],"9":[0,0],"10":[0,0],"11":[0,0],"12":[0,0],"13":[0,0],"14":[0,0],"15":[0,0],"16":[0,0],"17":[0,0],"18":[0,0]},"_coverageSchema":"1a1c01bbd47fc00a2c39e90264f33305004495a9","hash":"e3a9e28cfc02ca1644b925d8e0c16b46fab057de"}
,"D:\\Code\\SQA\\DATN\\BE_CODE\\app\\services\\project-services.js": {"path":"D:\\Code\\SQA\\DATN\\BE_CODE\\app\\services\\project-services.js","statementMap":{"0":{"start":{"line":1,"column":17},"end":{"line":1,"column":46}},"1":{"start":{"line":2,"column":16},"end":{"line":2,"column":32}},"2":{"start":{"line":3,"column":20},"end":{"line":3,"column":41}},"3":{"start":{"line":4,"column":13},"end":{"line":4,"column":26}},"4":{"start":{"line":6,"column":0},"end":{"line":44,"column":2}},"5":{"start":{"line":7,"column":2},"end":{"line":43,"column":3}},"6":{"start":{"line":8,"column":17},"end":{"line":8,"column":45}},"7":{"start":{"line":9,"column":21},"end":{"line":9,"column":54}},"8":{"start":{"line":10,"column":19},"end":{"line":10,"column":34}},"9":{"start":{"line":12,"column":19},"end":{"line":12,"column":40}},"10":{"start":{"line":13,"column":18},"end":{"line":13,"column":26}},"11":{"start":{"line":15,"column":26},"end":{"line":18,"column":5}},"12":{"start":{"line":20,"column":4},"end":{"line":29,"column":5}},"13":{"start":{"line":21,"column":6},"end":{"line":28,"column":8}},"14":{"start":{"line":31,"column":21},"end":{"line":31,"column":65}},"15":{"start":{"line":33,"column":4},"end":{"line":39,"column":7}},"16":{"start":{"line":41,"column":4},"end":{"line":41,"column":52}},"17":{"start":{"line":42,"column":4},"end":{"line":42,"column":61}},"18":{"start":{"line":46,"column":0},"end":{"line":65,"column":2}},"19":{"start":{"line":47,"column":15},"end":{"line":55,"column":3}},"20":{"start":{"line":57,"column":2},"end":{"line":64,"column":7}},"21":{"start":{"line":59,"column":6},"end":{"line":59,"column":63}},"22":{"start":{"line":62,"column":6},"end":{"line":62,"column":62}},"23":{"start":{"line":63,"column":6},"end":{"line":63,"column":59}},"24":{"start":{"line":68,"column":0},"end":{"line":89,"column":2}},"25":{"start":{"line":69,"column":2},"end":{"line":88,"column":3}},"26":{"start":{"line":70,"column":22},"end":{"line":70,"column":35}},"27":{"start":{"line":71,"column":20},"end":{"line":79,"column":6}},"28":{"start":{"line":81,"column":4},"end":{"line":83,"column":5}},"29":{"start":{"line":82,"column":6},"end":{"line":82,"column":68}},"30":{"start":{"line":85,"column":4},"end":{"line":85,"column":22}},"31":{"start":{"line":87,"column":4},"end":{"line":87,"column":63}},"32":{"start":{"line":91,"column":0},"end":{"line":122,"column":2}},"33":{"start":{"line":92,"column":2},"end":{"line":121,"column":3}},"34":{"start":{"line":93,"column":4},"end":{"line":98,"column":5}},"35":{"start":{"line":94,"column":6},"end":{"line":97,"column":9}},"36":{"start":{"line":100,"column":20},"end":{"line":100,"column":55}},"37":{"start":{"line":102,"column":4},"end":{"line":107,"column":5}},"38":{"start":{"line":103,"column":6},"end":{"line":106,"column":9}},"39":{"start":{"line":109,"column":4},"end":{"line":109,"column":35}},"40":{"start":{"line":111,"column":4},"end":{"line":114,"column":7}},"41":{"start":{"line":116,"column":4},"end":{"line":120,"column":7}},"42":{"start":{"line":124,"column":0},"end":{"line":157,"column":2}},"43":{"start":{"line":125,"column":2},"end":{"line":156,"column":3}},"44":{"start":{"line":126,"column":4},"end":{"line":131,"column":5}},"45":{"start":{"line":127,"column":6},"end":{"line":130,"column":9}},"46":{"start":{"line":133,"column":20},"end":{"line":133,"column":55}},"47":{"start":{"line":135,"column":4},"end":{"line":140,"column":5}},"48":{"start":{"line":136,"column":6},"end":{"line":139,"column":9}},"49":{"start":{"line":142,"column":4},"end":{"line":142,"column":70}},"50":{"start":{"line":144,"column":4},"end":{"line":144,"column":28}},"51":{"start":{"line":146,"column":4},"end":{"line":149,"column":7}},"52":{"start":{"line":151,"column":4},"end":{"line":155,"column":7}},"53":{"start":{"line":159,"column":0},"end":{"line":205,"column":2}},"54":{"start":{"line":160,"column":2},"end":{"line":204,"column":3}},"55":{"start":{"line":161,"column":17},"end":{"line":164,"column":5}},"56":{"start":{"line":166,"column":20},"end":{"line":166,"column":58}},"57":{"start":{"line":167,"column":4},"end":{"line":171,"column":5}},"58":{"start":{"line":168,"column":6},"end":{"line":170,"column":9}},"59":{"start":{"line":173,"column":4},"end":{"line":177,"column":5}},"60":{"start":{"line":174,"column":6},"end":{"line":176,"column":9}},"61":{"start":{"line":179,"column":18},"end":{"line":183,"column":6}},"62":{"start":{"line":185,"column":4},"end":{"line":191,"column":5}},"63":{"start":{"line":186,"column":6},"end":{"line":190,"column":9}},"64":{"start":{"line":193,"column":4},"end":{"line":193,"column":34}},"65":{"start":{"line":195,"column":4},"end":{"line":199,"column":7}},"66":{"start":{"line":201,"column":4},"end":{"line":203,"column":7}},"67":{"start":{"line":207,"column":0},"end":{"line":235,"column":2}},"68":{"start":{"line":208,"column":2},"end":{"line":234,"column":3}},"69":{"start":{"line":209,"column":34},"end":{"line":209,"column":42}},"70":{"start":{"line":211,"column":20},"end":{"line":211,"column":53}},"71":{"start":{"line":212,"column":4},"end":{"line":216,"column":5}},"72":{"start":{"line":213,"column":6},"end":{"line":215,"column":9}},"73":{"start":{"line":218,"column":17},"end":{"line":218,"column":44}},"74":{"start":{"line":219,"column":4},"end":{"line":223,"column":5}},"75":{"start":{"line":220,"column":6},"end":{"line":222,"column":9}},"76":{"start":{"line":225,"column":4},"end":{"line":225,"column":35}},"77":{"start":{"line":227,"column":4},"end":{"line":229,"column":7}},"78":{"start":{"line":231,"column":4},"end":{"line":233,"column":7}}},"fnMap":{"0":{"name":"(anonymous_0)","decl":{"start":{"line":6,"column":25},"end":{"line":6,"column":26}},"loc":{"start":{"line":6,"column":45},"end":{"line":44,"column":1}},"line":6},"1":{"name":"(anonymous_1)","decl":{"start":{"line":46,"column":22},"end":{"line":46,"column":23}},"loc":{"start":{"line":46,"column":42},"end":{"line":65,"column":1}},"line":46},"2":{"name":"(anonymous_2)","decl":{"start":{"line":58,"column":10},"end":{"line":58,"column":11}},"loc":{"start":{"line":58,"column":16},"end":{"line":60,"column":5}},"line":58},"3":{"name":"(anonymous_3)","decl":{"start":{"line":61,"column":11},"end":{"line":61,"column":12}},"loc":{"start":{"line":61,"column":26},"end":{"line":64,"column":5}},"line":61},"4":{"name":"(anonymous_4)","decl":{"start":{"line":68,"column":25},"end":{"line":68,"column":26}},"loc":{"start":{"line":68,"column":45},"end":{"line":89,"column":1}},"line":68},"5":{"name":"(anonymous_5)","decl":{"start":{"line":91,"column":24},"end":{"line":91,"column":25}},"loc":{"start":{"line":91,"column":44},"end":{"line":122,"column":1}},"line":91},"6":{"name":"(anonymous_6)","decl":{"start":{"line":124,"column":24},"end":{"line":124,"column":25}},"loc":{"start":{"line":124,"column":44},"end":{"line":157,"column":1}},"line":124},"7":{"name":"(anonymous_7)","decl":{"start":{"line":159,"column":28},"end":{"line":159,"column":29}},"loc":{"start":{"line":159,"column":48},"end":{"line":205,"column":1}},"line":159},"8":{"name":"(anonymous_8)","decl":{"start":{"line":207,"column":32},"end":{"line":207,"column":33}},"loc":{"start":{"line":207,"column":52},"end":{"line":235,"column":1}},"line":207}},"branchMap":{"0":{"loc":{"start":{"line":8,"column":17},"end":{"line":8,"column":45}},"type":"binary-expr","locations":[{"start":{"line":8,"column":17},"end":{"line":8,"column":40}},{"start":{"line":8,"column":44},"end":{"line":8,"column":45}}],"line":8},"1":{"loc":{"start":{"line":9,"column":21},"end":{"line":9,"column":54}},"type":"binary-expr","locations":[{"start":{"line":9,"column":21},"end":{"line":9,"column":48}},{"start":{"line":9,"column":52},"end":{"line":9,"column":54}}],"line":9},"2":{"loc":{"start":{"line":20,"column":4},"end":{"line":29,"column":5}},"type":"if","locations":[{"start":{"line":20,"column":4},"end":{"line":29,"column":5}},{"start":{},"end":{}}],"line":20},"3":{"loc":{"start":{"line":81,"column":4},"end":{"line":83,"column":5}},"type":"if","locations":[{"start":{"line":81,"column":4},"end":{"line":83,"column":5}},{"start":{},"end":{}}],"line":81},"4":{"loc":{"start":{"line":93,"column":4},"end":{"line":98,"column":5}},"type":"if","locations":[{"start":{"line":93,"column":4},"end":{"line":98,"column":5}},{"start":{},"end":{}}],"line":93},"5":{"loc":{"start":{"line":102,"column":4},"end":{"line":107,"column":5}},"type":"if","locations":[{"start":{"line":102,"column":4},"end":{"line":107,"column":5}},{"start":{},"end":{}}],"line":102},"6":{"loc":{"start":{"line":126,"column":4},"end":{"line":131,"column":5}},"type":"if","locations":[{"start":{"line":126,"column":4},"end":{"line":131,"column":5}},{"start":{},"end":{}}],"line":126},"7":{"loc":{"start":{"line":135,"column":4},"end":{"line":140,"column":5}},"type":"if","locations":[{"start":{"line":135,"column":4},"end":{"line":140,"column":5}},{"start":{},"end":{}}],"line":135},"8":{"loc":{"start":{"line":167,"column":4},"end":{"line":171,"column":5}},"type":"if","locations":[{"start":{"line":167,"column":4},"end":{"line":171,"column":5}},{"start":{},"end":{}}],"line":167},"9":{"loc":{"start":{"line":173,"column":4},"end":{"line":177,"column":5}},"type":"if","locations":[{"start":{"line":173,"column":4},"end":{"line":177,"column":5}},{"start":{},"end":{}}],"line":173},"10":{"loc":{"start":{"line":173,"column":8},"end":{"line":173,"column":65}},"type":"binary-expr","locations":[{"start":{"line":173,"column":8},"end":{"line":173,"column":36}},{"start":{"line":173,"column":40},"end":{"line":173,"column":65}}],"line":173},"11":{"loc":{"start":{"line":185,"column":4},"end":{"line":191,"column":5}},"type":"if","locations":[{"start":{"line":185,"column":4},"end":{"line":191,"column":5}},{"start":{},"end":{}}],"line":185},"12":{"loc":{"start":{"line":212,"column":4},"end":{"line":216,"column":5}},"type":"if","locations":[{"start":{"line":212,"column":4},"end":{"line":216,"column":5}},{"start":{},"end":{}}],"line":212},"13":{"loc":{"start":{"line":219,"column":4},"end":{"line":223,"column":5}},"type":"if","locations":[{"start":{"line":219,"column":4},"end":{"line":223,"column":5}},{"start":{},"end":{}}],"line":219}},"s":{"0":1,"1":1,"2":1,"3":1,"4":1,"5":1,"6":1,"7":0,"8":0,"9":0,"10":0,"11":0,"12":0,"13":0,"14":0,"15":0,"16":1,"17":1,"18":1,"19":2,"20":2,"21":2,"22":0,"23":0,"24":1,"25":2,"26":2,"27":2,"28":2,"29":1,"30":1,"31":0,"32":1,"33":3,"34":3,"35":1,"36":2,"37":2,"38":1,"39":1,"40":1,"41":0,"42":1,"43":3,"44":3,"45":1,"46":2,"47":2,"48":1,"49":1,"50":1,"51":1,"52":0,"53":1,"54":3,"55":3,"56":3,"57":3,"58":1,"59":2,"60":1,"61":1,"62":1,"63":0,"64":1,"65":1,"66":0,"67":1,"68":3,"69":3,"70":3,"71":3,"72":1,"73":2,"74":2,"75":1,"76":1,"77":1,"78":0},"f":{"0":1,"1":2,"2":2,"3":0,"4":2,"5":3,"6":3,"7":3,"8":3},"b":{"0":[1,0],"1":[0,0],"2":[0,0],"3":[1,1],"4":[1,2],"5":[1,1],"6":[1,2],"7":[1,1],"8":[1,2],"9":[1,1],"10":[2,2],"11":[0,1],"12":[1,2],"13":[1,1]},"_coverageSchema":"1a1c01bbd47fc00a2c39e90264f33305004495a9","hash":"c3768638d9a19ee35fc2ea4800675441f8bef6b1"}
,"D:\\Code\\SQA\\DATN\\BE_CODE\\app\\services\\task-services.js": {"path":"D:\\Code\\SQA\\DATN\\BE_CODE\\app\\services\\task-services.js","statementMap":{"0":{"start":{"line":1,"column":17},"end":{"line":1,"column":46}},"1":{"start":{"line":2,"column":16},"end":{"line":2,"column":32}},"2":{"start":{"line":3,"column":13},"end":{"line":3,"column":26}},"3":{"start":{"line":4,"column":13},"end":{"line":4,"column":26}},"4":{"start":{"line":5,"column":11},"end":{"line":5,"column":57}},"5":{"start":{"line":6,"column":21},"end":{"line":6,"column":42}},"6":{"start":{"line":7,"column":15},"end":{"line":7,"column":35}},"7":{"start":{"line":9,"column":0},"end":{"line":87,"column":2}},"8":{"start":{"line":10,"column":2},"end":{"line":86,"column":3}},"9":{"start":{"line":11,"column":17},"end":{"line":11,"column":45}},"10":{"start":{"line":12,"column":21},"end":{"line":12,"column":54}},"11":{"start":{"line":13,"column":19},"end":{"line":13,"column":40}},"12":{"start":{"line":14,"column":18},"end":{"line":14,"column":26}},"13":{"start":{"line":16,"column":22},"end":{"line":16,"column":41}},"14":{"start":{"line":17,"column":23},"end":{"line":17,"column":43}},"15":{"start":{"line":18,"column":19},"end":{"line":18,"column":34}},"16":{"start":{"line":19,"column":18},"end":{"line":19,"column":31}},"17":{"start":{"line":20,"column":15},"end":{"line":20,"column":26}},"18":{"start":{"line":21,"column":22},"end":{"line":21,"column":40}},"19":{"start":{"line":23,"column":27},"end":{"line":23,"column":29}},"20":{"start":{"line":24,"column":4},"end":{"line":26,"column":5}},"21":{"start":{"line":25,"column":6},"end":{"line":25,"column":44}},"22":{"start":{"line":27,"column":4},"end":{"line":29,"column":5}},"23":{"start":{"line":28,"column":6},"end":{"line":28,"column":46}},"24":{"start":{"line":30,"column":4},"end":{"line":32,"column":5}},"25":{"start":{"line":31,"column":6},"end":{"line":31,"column":37}},"26":{"start":{"line":33,"column":4},"end":{"line":35,"column":5}},"27":{"start":{"line":34,"column":6},"end":{"line":34,"column":56}},"28":{"start":{"line":36,"column":4},"end":{"line":40,"column":5}},"29":{"start":{"line":37,"column":25},"end":{"line":37,"column":75}},"30":{"start":{"line":38,"column":23},"end":{"line":38,"column":78}},"31":{"start":{"line":39,"column":6},"end":{"line":39,"column":74}},"32":{"start":{"line":41,"column":4},"end":{"line":43,"column":5}},"33":{"start":{"line":42,"column":6},"end":{"line":42,"column":29}},"34":{"start":{"line":45,"column":18},"end":{"line":49,"column":6}},"35":{"start":{"line":51,"column":17},"end":{"line":74,"column":6}},"36":{"start":{"line":52,"column":6},"end":{"line":73,"column":8}},"37":{"start":{"line":76,"column":4},"end":{"line":82,"column":7}},"38":{"start":{"line":84,"column":4},"end":{"line":84,"column":23}},"39":{"start":{"line":85,"column":4},"end":{"line":85,"column":61}},"40":{"start":{"line":89,"column":0},"end":{"line":150,"column":2}},"41":{"start":{"line":90,"column":2},"end":{"line":149,"column":3}},"42":{"start":{"line":91,"column":4},"end":{"line":95,"column":5}},"43":{"start":{"line":92,"column":6},"end":{"line":94,"column":9}},"44":{"start":{"line":97,"column":20},"end":{"line":97,"column":63}},"45":{"start":{"line":99,"column":4},"end":{"line":103,"column":5}},"46":{"start":{"line":100,"column":6},"end":{"line":102,"column":9}},"47":{"start":{"line":105,"column":4},"end":{"line":109,"column":5}},"48":{"start":{"line":106,"column":6},"end":{"line":108,"column":9}},"49":{"start":{"line":111,"column":17},"end":{"line":123,"column":5}},"50":{"start":{"line":125,"column":4},"end":{"line":125,"column":28}},"51":{"start":{"line":128,"column":17},"end":{"line":128,"column":53}},"52":{"start":{"line":130,"column":21},"end":{"line":136,"column":5}},"53":{"start":{"line":138,"column":4},"end":{"line":138,"column":40}},"54":{"start":{"line":141,"column":4},"end":{"line":141,"column":42}},"55":{"start":{"line":143,"column":4},"end":{"line":145,"column":7}},"56":{"start":{"line":147,"column":4},"end":{"line":147,"column":23}},"57":{"start":{"line":148,"column":4},"end":{"line":148,"column":61}},"58":{"start":{"line":152,"column":0},"end":{"line":188,"column":2}},"59":{"start":{"line":153,"column":2},"end":{"line":187,"column":3}},"60":{"start":{"line":154,"column":19},"end":{"line":154,"column":32}},"61":{"start":{"line":155,"column":17},"end":{"line":155,"column":44}},"62":{"start":{"line":157,"column":4},"end":{"line":159,"column":5}},"63":{"start":{"line":158,"column":6},"end":{"line":158,"column":65}},"64":{"start":{"line":161,"column":17},"end":{"line":182,"column":5}},"65":{"start":{"line":184,"column":4},"end":{"line":184,"column":19}},"66":{"start":{"line":186,"column":4},"end":{"line":186,"column":63}},"67":{"start":{"line":190,"column":0},"end":{"line":261,"column":2}},"68":{"start":{"line":191,"column":2},"end":{"line":260,"column":3}},"69":{"start":{"line":192,"column":4},"end":{"line":196,"column":5}},"70":{"start":{"line":193,"column":6},"end":{"line":195,"column":9}},"71":{"start":{"line":198,"column":17},"end":{"line":198,"column":49}},"72":{"start":{"line":200,"column":4},"end":{"line":204,"column":5}},"73":{"start":{"line":201,"column":6},"end":{"line":203,"column":9}},"74":{"start":{"line":207,"column":17},"end":{"line":221,"column":5}},"75":{"start":{"line":224,"column":17},"end":{"line":224,"column":54}},"76":{"start":{"line":227,"column":4},"end":{"line":227,"column":28}},"77":{"start":{"line":230,"column":4},"end":{"line":252,"column":5}},"78":{"start":{"line":232,"column":33},"end":{"line":238,"column":7}},"79":{"start":{"line":240,"column":23},"end":{"line":246,"column":7}},"80":{"start":{"line":248,"column":6},"end":{"line":248,"column":42}},"81":{"start":{"line":251,"column":6},"end":{"line":251,"column":44}},"82":{"start":{"line":254,"column":4},"end":{"line":256,"column":7}},"83":{"start":{"line":258,"column":4},"end":{"line":258,"column":35}},"84":{"start":{"line":259,"column":4},"end":{"line":259,"column":61}},"85":{"start":{"line":263,"column":0},"end":{"line":291,"column":2}},"86":{"start":{"line":264,"column":2},"end":{"line":290,"column":3}},"87":{"start":{"line":265,"column":4},"end":{"line":270,"column":5}},"88":{"start":{"line":266,"column":6},"end":{"line":269,"column":9}},"89":{"start":{"line":272,"column":17},"end":{"line":272,"column":49}},"90":{"start":{"line":274,"column":4},"end":{"line":279,"column":5}},"91":{"start":{"line":275,"column":6},"end":{"line":278,"column":9}},"92":{"start":{"line":281,"column":4},"end":{"line":281,"column":25}},"93":{"start":{"line":283,"column":4},"end":{"line":286,"column":7}},"94":{"start":{"line":288,"column":4},"end":{"line":288,"column":23}},"95":{"start":{"line":289,"column":4},"end":{"line":289,"column":61}}},"fnMap":{"0":{"name":"(anonymous_0)","decl":{"start":{"line":9,"column":22},"end":{"line":9,"column":23}},"loc":{"start":{"line":9,"column":42},"end":{"line":87,"column":1}},"line":9},"1":{"name":"(anonymous_1)","decl":{"start":{"line":51,"column":32},"end":{"line":51,"column":33}},"loc":{"start":{"line":51,"column":42},"end":{"line":74,"column":5}},"line":51},"2":{"name":"(anonymous_2)","decl":{"start":{"line":89,"column":19},"end":{"line":89,"column":20}},"loc":{"start":{"line":89,"column":39},"end":{"line":150,"column":1}},"line":89},"3":{"name":"(anonymous_3)","decl":{"start":{"line":152,"column":23},"end":{"line":152,"column":24}},"loc":{"start":{"line":152,"column":43},"end":{"line":188,"column":1}},"line":152},"4":{"name":"(anonymous_4)","decl":{"start":{"line":190,"column":22},"end":{"line":190,"column":23}},"loc":{"start":{"line":190,"column":42},"end":{"line":261,"column":1}},"line":190},"5":{"name":"(anonymous_5)","decl":{"start":{"line":263,"column":22},"end":{"line":263,"column":23}},"loc":{"start":{"line":263,"column":42},"end":{"line":291,"column":1}},"line":263}},"branchMap":{"0":{"loc":{"start":{"line":11,"column":17},"end":{"line":11,"column":45}},"type":"binary-expr","locations":[{"start":{"line":11,"column":17},"end":{"line":11,"column":40}},{"start":{"line":11,"column":44},"end":{"line":11,"column":45}}],"line":11},"1":{"loc":{"start":{"line":12,"column":21},"end":{"line":12,"column":54}},"type":"binary-expr","locations":[{"start":{"line":12,"column":21},"end":{"line":12,"column":48}},{"start":{"line":12,"column":52},"end":{"line":12,"column":54}}],"line":12},"2":{"loc":{"start":{"line":24,"column":4},"end":{"line":26,"column":5}},"type":"if","locations":[{"start":{"line":24,"column":4},"end":{"line":26,"column":5}},{"start":{},"end":{}}],"line":24},"3":{"loc":{"start":{"line":27,"column":4},"end":{"line":29,"column":5}},"type":"if","locations":[{"start":{"line":27,"column":4},"end":{"line":29,"column":5}},{"start":{},"end":{}}],"line":27},"4":{"loc":{"start":{"line":30,"column":4},"end":{"line":32,"column":5}},"type":"if","locations":[{"start":{"line":30,"column":4},"end":{"line":32,"column":5}},{"start":{},"end":{}}],"line":30},"5":{"loc":{"start":{"line":33,"column":4},"end":{"line":35,"column":5}},"type":"if","locations":[{"start":{"line":33,"column":4},"end":{"line":35,"column":5}},{"start":{},"end":{}}],"line":33},"6":{"loc":{"start":{"line":36,"column":4},"end":{"line":40,"column":5}},"type":"if","locations":[{"start":{"line":36,"column":4},"end":{"line":40,"column":5}},{"start":{},"end":{}}],"line":36},"7":{"loc":{"start":{"line":41,"column":4},"end":{"line":43,"column":5}},"type":"if","locations":[{"start":{"line":41,"column":4},"end":{"line":43,"column":5}},{"start":{},"end":{}}],"line":41},"8":{"loc":{"start":{"line":91,"column":4},"end":{"line":95,"column":5}},"type":"if","locations":[{"start":{"line":91,"column":4},"end":{"line":95,"column":5}},{"start":{},"end":{}}],"line":91},"9":{"loc":{"start":{"line":99,"column":4},"end":{"line":103,"column":5}},"type":"if","locations":[{"start":{"line":99,"column":4},"end":{"line":103,"column":5}},{"start":{},"end":{}}],"line":99},"10":{"loc":{"start":{"line":105,"column":4},"end":{"line":109,"column":5}},"type":"if","locations":[{"start":{"line":105,"column":4},"end":{"line":109,"column":5}},{"start":{},"end":{}}],"line":105},"11":{"loc":{"start":{"line":157,"column":4},"end":{"line":159,"column":5}},"type":"if","locations":[{"start":{"line":157,"column":4},"end":{"line":159,"column":5}},{"start":{},"end":{}}],"line":157},"12":{"loc":{"start":{"line":192,"column":4},"end":{"line":196,"column":5}},"type":"if","locations":[{"start":{"line":192,"column":4},"end":{"line":196,"column":5}},{"start":{},"end":{}}],"line":192},"13":{"loc":{"start":{"line":200,"column":4},"end":{"line":204,"column":5}},"type":"if","locations":[{"start":{"line":200,"column":4},"end":{"line":204,"column":5}},{"start":{},"end":{}}],"line":200},"14":{"loc":{"start":{"line":230,"column":4},"end":{"line":252,"column":5}},"type":"if","locations":[{"start":{"line":230,"column":4},"end":{"line":252,"column":5}},{"start":{},"end":{}}],"line":230},"15":{"loc":{"start":{"line":230,"column":8},"end":{"line":230,"column":77}},"type":"binary-expr","locations":[{"start":{"line":230,"column":8},"end":{"line":230,"column":28}},{"start":{"line":230,"column":32},"end":{"line":230,"column":77}}],"line":230},"16":{"loc":{"start":{"line":265,"column":4},"end":{"line":270,"column":5}},"type":"if","locations":[{"start":{"line":265,"column":4},"end":{"line":270,"column":5}},{"start":{},"end":{}}],"line":265},"17":{"loc":{"start":{"line":274,"column":4},"end":{"line":279,"column":5}},"type":"if","locations":[{"start":{"line":274,"column":4},"end":{"line":279,"column":5}},{"start":{},"end":{}}],"line":274}},"s":{"0":1,"1":1,"2":1,"3":1,"4":1,"5":1,"6":1,"7":1,"8":2,"9":2,"10":2,"11":2,"12":2,"13":2,"14":2,"15":2,"16":2,"17":2,"18":2,"19":2,"20":2,"21":1,"22":2,"23":1,"24":2,"25":1,"26":2,"27":1,"28":2,"29":0,"30":0,"31":0,"32":2,"33":0,"34":2,"35":1,"36":2,"37":1,"38":1,"39":1,"40":1,"41":2,"42":2,"43":0,"44":2,"45":2,"46":2,"47":0,"48":0,"49":0,"50":0,"51":0,"52":0,"53":0,"54":0,"55":0,"56":0,"57":0,"58":1,"59":3,"60":3,"61":3,"62":2,"63":1,"64":1,"65":1,"66":1,"67":1,"68":3,"69":3,"70":3,"71":0,"72":0,"73":0,"74":0,"75":0,"76":0,"77":0,"78":0,"79":0,"80":0,"81":0,"82":0,"83":0,"84":0,"85":1,"86":3,"87":3,"88":0,"89":0,"90":0,"91":0,"92":0,"93":0,"94":3,"95":3},"f":{"0":2,"1":2,"2":2,"3":3,"4":3,"5":3},"b":{"0":[2,1],"1":[2,1],"2":[1,1],"3":[1,1],"4":[1,1],"5":[1,1],"6":[0,2],"7":[0,2],"8":[0,2],"9":[2,0],"10":[0,0],"11":[1,1],"12":[3,0],"13":[0,0],"14":[0,0],"15":[0,0],"16":[0,0],"17":[0,0]},"_coverageSchema":"1a1c01bbd47fc00a2c39e90264f33305004495a9","hash":"887dc6906a300201e4f778dea71dc7095c54e445"}
,"D:\\Code\\SQA\\DATN\\BE_CODE\\app\\services\\user-services.js": {"path":"D:\\Code\\SQA\\DATN\\BE_CODE\\app\\services\\user-services.js","statementMap":{"0":{"start":{"line":1,"column":17},"end":{"line":1,"column":46}},"1":{"start":{"line":2,"column":13},"end":{"line":2,"column":26}},"2":{"start":{"line":3,"column":15},"end":{"line":3,"column":35}},"3":{"start":{"line":5,"column":13},"end":{"line":5,"column":32}},"4":{"start":{"line":7,"column":0},"end":{"line":67,"column":2}},"5":{"start":{"line":8,"column":2},"end":{"line":66,"column":3}},"6":{"start":{"line":9,"column":17},"end":{"line":9,"column":45}},"7":{"start":{"line":10,"column":21},"end":{"line":10,"column":54}},"8":{"start":{"line":12,"column":19},"end":{"line":12,"column":40}},"9":{"start":{"line":13,"column":18},"end":{"line":13,"column":26}},"10":{"start":{"line":14,"column":18},"end":{"line":14,"column":32}},"11":{"start":{"line":15,"column":15},"end":{"line":15,"column":26}},"12":{"start":{"line":16,"column":21},"end":{"line":16,"column":38}},"13":{"start":{"line":17,"column":21},"end":{"line":17,"column":38}},"14":{"start":{"line":18,"column":16},"end":{"line":18,"column":28}},"15":{"start":{"line":19,"column":22},"end":{"line":19,"column":40}},"16":{"start":{"line":20,"column":16},"end":{"line":20,"column":28}},"17":{"start":{"line":23,"column":27},"end":{"line":23,"column":29}},"18":{"start":{"line":24,"column":4},"end":{"line":26,"column":5}},"19":{"start":{"line":25,"column":6},"end":{"line":25,"column":29}},"20":{"start":{"line":27,"column":4},"end":{"line":29,"column":5}},"21":{"start":{"line":28,"column":6},"end":{"line":28,"column":41}},"22":{"start":{"line":30,"column":4},"end":{"line":32,"column":5}},"23":{"start":{"line":31,"column":6},"end":{"line":31,"column":63}},"24":{"start":{"line":33,"column":4},"end":{"line":35,"column":5}},"25":{"start":{"line":34,"column":6},"end":{"line":34,"column":31}},"26":{"start":{"line":36,"column":4},"end":{"line":38,"column":5}},"27":{"start":{"line":37,"column":6},"end":{"line":37,"column":57}},"28":{"start":{"line":39,"column":4},"end":{"line":43,"column":5}},"29":{"start":{"line":40,"column":25},"end":{"line":40,"column":69}},"30":{"start":{"line":41,"column":23},"end":{"line":41,"column":72}},"31":{"start":{"line":42,"column":6},"end":{"line":42,"column":68}},"32":{"start":{"line":44,"column":4},"end":{"line":48,"column":5}},"33":{"start":{"line":45,"column":25},"end":{"line":45,"column":75}},"34":{"start":{"line":46,"column":23},"end":{"line":46,"column":78}},"35":{"start":{"line":47,"column":6},"end":{"line":47,"column":74}},"36":{"start":{"line":50,"column":18},"end":{"line":55,"column":6}},"37":{"start":{"line":57,"column":4},"end":{"line":63,"column":7}},"38":{"start":{"line":65,"column":4},"end":{"line":65,"column":61}},"39":{"start":{"line":69,"column":0},"end":{"line":84,"column":2}},"40":{"start":{"line":70,"column":2},"end":{"line":83,"column":3}},"41":{"start":{"line":71,"column":19},"end":{"line":71,"column":32}},"42":{"start":{"line":72,"column":17},"end":{"line":72,"column":44}},"43":{"start":{"line":74,"column":4},"end":{"line":76,"column":5}},"44":{"start":{"line":75,"column":6},"end":{"line":75,"column":65}},"45":{"start":{"line":78,"column":4},"end":{"line":78,"column":30}},"46":{"start":{"line":80,"column":4},"end":{"line":80,"column":19}},"47":{"start":{"line":82,"column":4},"end":{"line":82,"column":63}},"48":{"start":{"line":86,"column":0},"end":{"line":125,"column":2}},"49":{"start":{"line":87,"column":2},"end":{"line":124,"column":3}},"50":{"start":{"line":88,"column":4},"end":{"line":93,"column":5}},"51":{"start":{"line":89,"column":6},"end":{"line":92,"column":9}},"52":{"start":{"line":95,"column":17},"end":{"line":95,"column":49}},"53":{"start":{"line":97,"column":4},"end":{"line":102,"column":5}},"54":{"start":{"line":98,"column":6},"end":{"line":101,"column":9}},"55":{"start":{"line":104,"column":4},"end":{"line":104,"column":29}},"56":{"start":{"line":106,"column":4},"end":{"line":106,"column":26}},"57":{"start":{"line":107,"column":4},"end":{"line":107,"column":32}},"58":{"start":{"line":109,"column":4},"end":{"line":111,"column":5}},"59":{"start":{"line":110,"column":6},"end":{"line":110,"column":66}},"60":{"start":{"line":113,"column":4},"end":{"line":113,"column":32}},"61":{"start":{"line":115,"column":4},"end":{"line":118,"column":7}},"62":{"start":{"line":120,"column":4},"end":{"line":123,"column":7}},"63":{"start":{"line":127,"column":0},"end":{"line":157,"column":2}},"64":{"start":{"line":128,"column":2},"end":{"line":156,"column":3}},"65":{"start":{"line":129,"column":4},"end":{"line":134,"column":5}},"66":{"start":{"line":130,"column":6},"end":{"line":133,"column":9}},"67":{"start":{"line":136,"column":17},"end":{"line":136,"column":49}},"68":{"start":{"line":138,"column":4},"end":{"line":143,"column":5}},"69":{"start":{"line":139,"column":6},"end":{"line":142,"column":9}},"70":{"start":{"line":145,"column":4},"end":{"line":145,"column":25}},"71":{"start":{"line":147,"column":4},"end":{"line":150,"column":7}},"72":{"start":{"line":152,"column":4},"end":{"line":155,"column":7}}},"fnMap":{"0":{"name":"(anonymous_0)","decl":{"start":{"line":7,"column":22},"end":{"line":7,"column":23}},"loc":{"start":{"line":7,"column":42},"end":{"line":67,"column":1}},"line":7},"1":{"name":"(anonymous_1)","decl":{"start":{"line":69,"column":22},"end":{"line":69,"column":23}},"loc":{"start":{"line":69,"column":42},"end":{"line":84,"column":1}},"line":69},"2":{"name":"(anonymous_2)","decl":{"start":{"line":86,"column":21},"end":{"line":86,"column":22}},"loc":{"start":{"line":86,"column":41},"end":{"line":125,"column":1}},"line":86},"3":{"name":"(anonymous_3)","decl":{"start":{"line":127,"column":21},"end":{"line":127,"column":22}},"loc":{"start":{"line":127,"column":41},"end":{"line":157,"column":1}},"line":127}},"branchMap":{"0":{"loc":{"start":{"line":9,"column":17},"end":{"line":9,"column":45}},"type":"binary-expr","locations":[{"start":{"line":9,"column":17},"end":{"line":9,"column":40}},{"start":{"line":9,"column":44},"end":{"line":9,"column":45}}],"line":9},"1":{"loc":{"start":{"line":10,"column":21},"end":{"line":10,"column":54}},"type":"binary-expr","locations":[{"start":{"line":10,"column":21},"end":{"line":10,"column":48}},{"start":{"line":10,"column":52},"end":{"line":10,"column":54}}],"line":10},"2":{"loc":{"start":{"line":24,"column":4},"end":{"line":26,"column":5}},"type":"if","locations":[{"start":{"line":24,"column":4},"end":{"line":26,"column":5}},{"start":{},"end":{}}],"line":24},"3":{"loc":{"start":{"line":27,"column":4},"end":{"line":29,"column":5}},"type":"if","locations":[{"start":{"line":27,"column":4},"end":{"line":29,"column":5}},{"start":{},"end":{}}],"line":27},"4":{"loc":{"start":{"line":30,"column":4},"end":{"line":32,"column":5}},"type":"if","locations":[{"start":{"line":30,"column":4},"end":{"line":32,"column":5}},{"start":{},"end":{}}],"line":30},"5":{"loc":{"start":{"line":33,"column":4},"end":{"line":35,"column":5}},"type":"if","locations":[{"start":{"line":33,"column":4},"end":{"line":35,"column":5}},{"start":{},"end":{}}],"line":33},"6":{"loc":{"start":{"line":36,"column":4},"end":{"line":38,"column":5}},"type":"if","locations":[{"start":{"line":36,"column":4},"end":{"line":38,"column":5}},{"start":{},"end":{}}],"line":36},"7":{"loc":{"start":{"line":39,"column":4},"end":{"line":43,"column":5}},"type":"if","locations":[{"start":{"line":39,"column":4},"end":{"line":43,"column":5}},{"start":{},"end":{}}],"line":39},"8":{"loc":{"start":{"line":44,"column":4},"end":{"line":48,"column":5}},"type":"if","locations":[{"start":{"line":44,"column":4},"end":{"line":48,"column":5}},{"start":{},"end":{}}],"line":44},"9":{"loc":{"start":{"line":74,"column":4},"end":{"line":76,"column":5}},"type":"if","locations":[{"start":{"line":74,"column":4},"end":{"line":76,"column":5}},{"start":{},"end":{}}],"line":74},"10":{"loc":{"start":{"line":88,"column":4},"end":{"line":93,"column":5}},"type":"if","locations":[{"start":{"line":88,"column":4},"end":{"line":93,"column":5}},{"start":{},"end":{}}],"line":88},"11":{"loc":{"start":{"line":97,"column":4},"end":{"line":102,"column":5}},"type":"if","locations":[{"start":{"line":97,"column":4},"end":{"line":102,"column":5}},{"start":{},"end":{}}],"line":97},"12":{"loc":{"start":{"line":109,"column":4},"end":{"line":111,"column":5}},"type":"if","locations":[{"start":{"line":109,"column":4},"end":{"line":111,"column":5}},{"start":{},"end":{}}],"line":109},"13":{"loc":{"start":{"line":129,"column":4},"end":{"line":134,"column":5}},"type":"if","locations":[{"start":{"line":129,"column":4},"end":{"line":134,"column":5}},{"start":{},"end":{}}],"line":129},"14":{"loc":{"start":{"line":138,"column":4},"end":{"line":143,"column":5}},"type":"if","locations":[{"start":{"line":138,"column":4},"end":{"line":143,"column":5}},{"start":{},"end":{}}],"line":138}},"s":{"0":1,"1":1,"2":1,"3":1,"4":1,"5":0,"6":0,"7":0,"8":0,"9":0,"10":0,"11":0,"12":0,"13":0,"14":0,"15":0,"16":0,"17":0,"18":0,"19":0,"20":0,"21":0,"22":0,"23":0,"24":0,"25":0,"26":0,"27":0,"28":0,"29":0,"30":0,"31":0,"32":0,"33":0,"34":0,"35":0,"36":0,"37":0,"38":0,"39":1,"40":3,"41":3,"42":3,"43":2,"44":1,"45":1,"46":1,"47":1,"48":1,"49":0,"50":0,"51":0,"52":0,"53":0,"54":0,"55":0,"56":0,"57":0,"58":0,"59":0,"60":0,"61":0,"62":0,"63":1,"64":0,"65":0,"66":0,"67":0,"68":0,"69":0,"70":0,"71":0,"72":0},"f":{"0":0,"1":3,"2":0,"3":0},"b":{"0":[0,0],"1":[0,0],"2":[0,0],"3":[0,0],"4":[0,0],"5":[0,0],"6":[0,0],"7":[0,0],"8":[0,0],"9":[1,1],"10":[0,0],"11":[0,0],"12":[0,0],"13":[0,0],"14":[0,0]},"_coverageSchema":"1a1c01bbd47fc00a2c39e90264f33305004495a9","hash":"912befe986504f6b14098c906b6c95e84e700bad"}
}
