TN:
SF:app\config\config-jwt.js
FNF:0
FNH:0
DA:1,1
LF:1
LH:1
BRF:0
BRH:0
end_of_record
TN:
SF:app\config\db.config.js
FNF:0
FNH:0
DA:1,2
DA:6,2
LF:2
LH:2
BRF:0
BRH:0
end_of_record
TN:
SF:app\models\database.js
FNF:0
FNH:0
DA:1,2
DA:12,2
LF:2
LH:2
BRF:0
BRH:0
end_of_record
TN:
SF:app\models\department.js
FN:4,(anonymous_0)
FNF:1
FNH:1
FNDA:2,(anonymous_0)
DA:1,2
DA:2,2
DA:4,2
DA:5,2
DA:23,2
LF:5
LH:5
BRF:0
BRH:0
end_of_record
TN:
SF:app\models\index.js
FNF:0
FNH:0
DA:1,2
DA:2,2
DA:4,2
DA:21,2
DA:22,2
DA:23,2
DA:24,2
DA:25,2
DA:26,2
DA:27,2
DA:28,2
DA:29,2
DA:30,2
DA:33,2
DA:39,2
DA:47,2
DA:54,2
DA:61,2
DA:66,2
DA:82,2
LF:20
LH:20
BRF:0
BRH:0
end_of_record
TN:
SF:app\models\notification.js
FN:4,(anonymous_0)
FNF:1
FNH:1
FNDA:2,(anonymous_0)
DA:1,2
DA:2,2
DA:4,2
DA:5,2
DA:34,2
LF:5
LH:5
BRF:0
BRH:0
end_of_record
TN:
SF:app\models\project-user.js
FN:4,(anonymous_0)
FNF:1
FNH:1
FNDA:2,(anonymous_0)
DA:1,2
DA:2,2
DA:4,2
DA:5,2
DA:33,2
LF:5
LH:5
BRF:0
BRH:0
end_of_record
TN:
SF:app\models\project.js
FN:4,(anonymous_0)
FNF:1
FNH:1
FNDA:2,(anonymous_0)
DA:1,2
DA:2,2
DA:4,2
DA:5,2
DA:35,2
LF:5
LH:5
BRF:0
BRH:0
end_of_record
TN:
SF:app\models\sub-task.js
FN:4,(anonymous_0)
FNF:1
FNH:1
FNDA:2,(anonymous_0)
DA:1,2
DA:2,2
DA:4,2
DA:5,2
DA:68,2
LF:5
LH:5
BRF:0
BRH:0
end_of_record
TN:
SF:app\models\task.js
FN:4,(anonymous_0)
FNF:1
FNH:1
FNDA:2,(anonymous_0)
DA:1,2
DA:2,2
DA:4,2
DA:5,2
DA:72,2
LF:5
LH:5
BRF:0
BRH:0
end_of_record
TN:
SF:app\models\user.js
FN:4,(anonymous_0)
FNF:1
FNH:1
FNDA:2,(anonymous_0)
DA:1,2
DA:2,2
DA:4,2
DA:5,2
DA:67,2
LF:5
LH:5
BRF:0
BRH:0
end_of_record
TN:
SF:app\services\auth-services.js
FN:8,validateRequest
FN:16,(anonymous_1)
FN:43,(anonymous_2)
FNF:3
FNH:2
FNDA:1,validateRequest
FNDA:1,(anonymous_1)
FNDA:0,(anonymous_2)
DA:1,1
DA:2,1
DA:3,1
DA:4,1
DA:5,1
DA:6,1
DA:9,1
DA:10,0
DA:16,1
DA:17,1
DA:18,1
DA:20,1
DA:37,1
DA:39,0
DA:43,1
DA:44,0
DA:45,0
DA:46,0
DA:51,0
DA:53,0
DA:54,0
DA:57,0
DA:61,0
DA:62,0
DA:65,0
DA:69,0
DA:76,0
DA:77,0
LF:28
LH:13
BRDA:9,0,0,0
BRDA:9,0,1,1
BRDA:45,1,0,0
BRDA:45,1,1,0
BRDA:45,2,0,0
BRDA:45,2,1,0
BRDA:53,3,0,0
BRDA:53,3,1,0
BRDA:61,4,0,0
BRDA:61,4,1,0
BRF:10
BRH:1
end_of_record
TN:
SF:app\services\department-services.js
FN:6,(anonymous_0)
FN:49,(anonymous_1)
FN:69,(anonymous_2)
FN:78,(anonymous_3)
FN:83,(anonymous_4)
FN:103,(anonymous_5)
FN:135,(anonymous_6)
FN:167,(anonymous_7)
FN:215,(anonymous_8)
FN:245,validateRequest
FNF:10
FNH:2
FNDA:0,(anonymous_0)
FNDA:0,(anonymous_1)
FNDA:1,(anonymous_2)
FNDA:0,(anonymous_3)
FNDA:2,(anonymous_4)
FNDA:0,(anonymous_5)
FNDA:0,(anonymous_6)
FNDA:0,(anonymous_7)
FNDA:0,(anonymous_8)
FNDA:0,validateRequest
DA:1,1
DA:2,1
DA:3,1
DA:4,1
DA:6,1
DA:7,0
DA:8,0
DA:9,0
DA:11,0
DA:12,0
DA:13,0
DA:14,0
DA:15,0
DA:16,0
DA:17,0
DA:20,0
DA:21,0
DA:22,0
DA:24,0
DA:25,0
DA:27,0
DA:28,0
DA:30,0
DA:31,0
DA:33,0
DA:34,0
DA:35,0
DA:36,0
DA:39,0
DA:49,0
DA:50,0
DA:56,0
DA:64,0
DA:65,0
DA:69,1
DA:70,1
DA:76,1
DA:79,0
DA:83,1
DA:84,2
DA:85,2
DA:86,2
DA:93,2
DA:94,1
DA:97,1
DA:99,0
DA:103,1
DA:104,0
DA:105,0
DA:106,0
DA:112,0
DA:114,0
DA:115,0
DA:121,0
DA:123,0
DA:128,0
DA:135,1
DA:136,0
DA:137,0
DA:138,0
DA:144,0
DA:146,0
DA:147,0
DA:153,0
DA:155,0
DA:160,0
DA:167,1
DA:168,0
DA:169,0
DA:174,0
DA:175,0
DA:176,0
DA:181,0
DA:182,0
DA:187,0
DA:193,0
DA:194,0
DA:201,0
DA:203,0
DA:209,0
DA:215,1
DA:216,0
DA:217,0
DA:219,0
DA:220,0
DA:221,0
DA:226,0
DA:227,0
DA:228,0
DA:233,0
DA:235,0
DA:239,0
DA:246,0
DA:247,0
DA:250,0
LF:95
LH:19
BRDA:8,0,0,0
BRDA:8,0,1,0
BRDA:9,1,0,0
BRDA:9,1,1,0
BRDA:21,2,0,0
BRDA:21,2,1,0
BRDA:24,3,0,0
BRDA:24,3,1,0
BRDA:27,4,0,0
BRDA:27,4,1,0
BRDA:30,5,0,0
BRDA:30,5,1,0
BRDA:33,6,0,0
BRDA:33,6,1,0
BRDA:93,7,0,1
BRDA:93,7,1,1
BRDA:105,8,0,0
BRDA:105,8,1,0
BRDA:114,9,0,0
BRDA:114,9,1,0
BRDA:137,10,0,0
BRDA:137,10,1,0
BRDA:146,11,0,0
BRDA:146,11,1,0
BRDA:175,12,0,0
BRDA:175,12,1,0
BRDA:181,13,0,0
BRDA:181,13,1,0
BRDA:181,14,0,0
BRDA:181,14,1,0
BRDA:193,15,0,0
BRDA:193,15,1,0
BRDA:220,16,0,0
BRDA:220,16,1,0
BRDA:227,17,0,0
BRDA:227,17,1,0
BRDA:246,18,0,0
BRDA:246,18,1,0
BRF:38
BRH:2
end_of_record
TN:
SF:app\services\project-services.js
FN:6,(anonymous_0)
FN:46,(anonymous_1)
FN:59,(anonymous_2)
FN:64,(anonymous_3)
FN:87,(anonymous_4)
FN:120,(anonymous_5)
FN:155,(anonymous_6)
FN:203,(anonymous_7)
FNF:8
FNH:2
FNDA:0,(anonymous_0)
FNDA:2,(anonymous_1)
FNDA:1,(anonymous_2)
FNDA:0,(anonymous_3)
FNDA:0,(anonymous_4)
FNDA:0,(anonymous_5)
FNDA:0,(anonymous_6)
FNDA:0,(anonymous_7)
DA:1,1
DA:2,1
DA:3,1
DA:4,1
DA:6,1
DA:7,0
DA:8,0
DA:9,0
DA:10,0
DA:12,0
DA:13,0
DA:15,0
DA:20,0
DA:21,0
DA:31,0
DA:33,0
DA:41,0
DA:42,0
DA:46,1
DA:47,2
DA:57,2
DA:60,1
DA:64,1
DA:65,0
DA:66,0
DA:67,0
DA:77,0
DA:78,0
DA:81,0
DA:83,0
DA:87,1
DA:88,0
DA:89,0
DA:90,0
DA:96,0
DA:98,0
DA:99,0
DA:105,0
DA:107,0
DA:112,0
DA:120,1
DA:121,0
DA:122,0
DA:123,0
DA:129,0
DA:131,0
DA:132,0
DA:138,0
DA:140,0
DA:142,0
DA:147,0
DA:155,1
DA:156,0
DA:157,0
DA:162,0
DA:163,0
DA:164,0
DA:169,0
DA:170,0
DA:175,0
DA:181,0
DA:182,0
DA:189,0
DA:191,0
DA:197,0
DA:203,1
DA:204,0
DA:205,0
DA:207,0
DA:208,0
DA:209,0
DA:214,0
DA:215,0
DA:216,0
DA:221,0
DA:223,0
DA:227,0
LF:77
LH:14
BRDA:8,0,0,0
BRDA:8,0,1,0
BRDA:9,1,0,0
BRDA:9,1,1,0
BRDA:20,2,0,0
BRDA:20,2,1,0
BRDA:77,3,0,0
BRDA:77,3,1,0
BRDA:89,4,0,0
BRDA:89,4,1,0
BRDA:98,5,0,0
BRDA:98,5,1,0
BRDA:122,6,0,0
BRDA:122,6,1,0
BRDA:131,7,0,0
BRDA:131,7,1,0
BRDA:163,8,0,0
BRDA:163,8,1,0
BRDA:169,9,0,0
BRDA:169,9,1,0
BRDA:169,10,0,0
BRDA:169,10,1,0
BRDA:181,11,0,0
BRDA:181,11,1,0
BRDA:208,12,0,0
BRDA:208,12,1,0
BRDA:215,13,0,0
BRDA:215,13,1,0
BRF:28
BRH:0
end_of_record
TN:
SF:app\services\user-services.js
FN:7,(anonymous_0)
FN:69,(anonymous_1)
FN:86,(anonymous_2)
FN:127,(anonymous_3)
FNF:4
FNH:3
FNDA:8,(anonymous_0)
FNDA:4,(anonymous_1)
FNDA:5,(anonymous_2)
FNDA:0,(anonymous_3)
DA:1,1
DA:2,1
DA:3,1
DA:5,1
DA:7,1
DA:8,8
DA:9,8
DA:10,8
DA:12,8
DA:13,8
DA:14,8
DA:15,8
DA:16,8
DA:17,8
DA:18,8
DA:19,8
DA:20,8
DA:23,8
DA:24,8
DA:25,0
DA:27,8
DA:28,0
DA:30,8
DA:31,0
DA:33,8
DA:34,1
DA:36,8
DA:37,1
DA:39,8
DA:40,1
DA:41,1
DA:42,1
DA:44,8
DA:45,1
DA:46,1
DA:47,1
DA:50,8
DA:57,4
DA:65,4
DA:69,1
DA:70,4
DA:71,4
DA:72,4
DA:74,2
DA:75,1
DA:78,1
DA:80,1
DA:82,2
DA:86,1
DA:87,5
DA:88,5
DA:89,1
DA:95,4
DA:97,0
DA:98,0
DA:104,0
DA:106,0
DA:107,0
DA:109,0
DA:110,0
DA:113,0
DA:115,0
DA:120,4
DA:127,1
DA:128,0
DA:129,0
DA:130,0
DA:136,0
DA:138,0
DA:139,0
DA:145,0
DA:147,0
DA:152,0
LF:73
LH:52
BRDA:9,0,0,8
BRDA:9,0,1,1
BRDA:10,1,0,8
BRDA:10,1,1,0
BRDA:24,2,0,0
BRDA:24,2,1,8
BRDA:27,3,0,0
BRDA:27,3,1,8
BRDA:30,4,0,0
BRDA:30,4,1,8
BRDA:33,5,0,1
BRDA:33,5,1,7
BRDA:36,6,0,1
BRDA:36,6,1,7
BRDA:39,7,0,1
BRDA:39,7,1,7
BRDA:44,8,0,1
BRDA:44,8,1,7
BRDA:74,9,0,1
BRDA:74,9,1,1
BRDA:88,10,0,1
BRDA:88,10,1,4
BRDA:97,11,0,0
BRDA:97,11,1,0
BRDA:109,12,0,0
BRDA:109,12,1,0
BRDA:129,13,0,0
BRDA:129,13,1,0
BRDA:138,14,0,0
BRDA:138,14,1,0
BRF:30
BRH:18
end_of_record
