TN:
SF:app\config\config-jwt.js
FNF:0
FNH:0
DA:1,1
LF:1
LH:1
BRF:0
BRH:0
end_of_record
TN:
SF:app\config\db.config.js
FNF:0
FNH:0
DA:1,3
DA:6,3
LF:2
LH:2
BRF:0
BRH:0
end_of_record
TN:
SF:app\models\database.js
FNF:0
FNH:0
DA:1,3
DA:12,3
LF:2
LH:2
BRF:0
BRH:0
end_of_record
TN:
SF:app\models\department.js
FN:4,(anonymous_0)
FNF:1
FNH:1
FNDA:3,(anonymous_0)
DA:1,3
DA:2,3
DA:4,3
DA:5,3
DA:23,3
LF:5
LH:5
BRF:0
BRH:0
end_of_record
TN:
SF:app\models\index.js
FNF:0
FNH:0
DA:1,3
DA:2,3
DA:4,3
DA:21,3
DA:22,3
DA:23,3
DA:24,3
DA:25,3
DA:26,3
DA:27,3
DA:28,3
DA:29,3
DA:30,3
DA:33,3
DA:39,3
DA:47,3
DA:54,3
DA:61,3
DA:66,3
DA:82,3
LF:20
LH:20
BRF:0
BRH:0
end_of_record
TN:
SF:app\models\notification.js
FN:4,(anonymous_0)
FNF:1
FNH:1
FNDA:3,(anonymous_0)
DA:1,3
DA:2,3
DA:4,3
DA:5,3
DA:34,3
LF:5
LH:5
BRF:0
BRH:0
end_of_record
TN:
SF:app\models\project-user.js
FN:4,(anonymous_0)
FNF:1
FNH:1
FNDA:3,(anonymous_0)
DA:1,3
DA:2,3
DA:4,3
DA:5,3
DA:33,3
LF:5
LH:5
BRF:0
BRH:0
end_of_record
TN:
SF:app\models\project.js
FN:4,(anonymous_0)
FNF:1
FNH:1
FNDA:3,(anonymous_0)
DA:1,3
DA:2,3
DA:4,3
DA:5,3
DA:35,3
LF:5
LH:5
BRF:0
BRH:0
end_of_record
TN:
SF:app\models\sub-task.js
FN:4,(anonymous_0)
FNF:1
FNH:1
FNDA:3,(anonymous_0)
DA:1,3
DA:2,3
DA:4,3
DA:5,3
DA:68,3
LF:5
LH:5
BRF:0
BRH:0
end_of_record
TN:
SF:app\models\task.js
FN:4,(anonymous_0)
FNF:1
FNH:1
FNDA:3,(anonymous_0)
DA:1,3
DA:2,3
DA:4,3
DA:5,3
DA:72,3
LF:5
LH:5
BRF:0
BRH:0
end_of_record
TN:
SF:app\models\user.js
FN:4,(anonymous_0)
FNF:1
FNH:1
FNDA:3,(anonymous_0)
DA:1,3
DA:2,3
DA:4,3
DA:5,3
DA:67,3
LF:5
LH:5
BRF:0
BRH:0
end_of_record
TN:
SF:app\services\auth-services.js
FN:8,validateRequest
FN:16,(anonymous_1)
FN:43,(anonymous_2)
FNF:3
FNH:2
FNDA:1,validateRequest
FNDA:1,(anonymous_1)
FNDA:0,(anonymous_2)
DA:1,1
DA:2,1
DA:3,1
DA:4,1
DA:5,1
DA:6,1
DA:9,1
DA:10,0
DA:16,1
DA:17,1
DA:18,1
DA:20,1
DA:37,1
DA:39,0
DA:43,1
DA:44,0
DA:45,0
DA:46,0
DA:51,0
DA:53,0
DA:54,0
DA:57,0
DA:61,0
DA:62,0
DA:65,0
DA:69,0
DA:76,0
DA:77,0
LF:28
LH:13
BRDA:9,0,0,0
BRDA:9,0,1,1
BRDA:45,1,0,0
BRDA:45,1,1,0
BRDA:45,2,0,0
BRDA:45,2,1,0
BRDA:53,3,0,0
BRDA:53,3,1,0
BRDA:61,4,0,0
BRDA:61,4,1,0
BRF:10
BRH:1
end_of_record
TN:
SF:app\services\department-services.js
FN:6,(anonymous_0)
FN:49,(anonymous_1)
FN:69,(anonymous_2)
FN:78,(anonymous_3)
FN:83,(anonymous_4)
FN:103,(anonymous_5)
FN:135,(anonymous_6)
FN:167,(anonymous_7)
FN:215,(anonymous_8)
FN:245,validateRequest
FNF:10
FNH:2
FNDA:0,(anonymous_0)
FNDA:0,(anonymous_1)
FNDA:1,(anonymous_2)
FNDA:0,(anonymous_3)
FNDA:2,(anonymous_4)
FNDA:0,(anonymous_5)
FNDA:0,(anonymous_6)
FNDA:0,(anonymous_7)
FNDA:0,(anonymous_8)
FNDA:0,validateRequest
DA:1,1
DA:2,1
DA:3,1
DA:4,1
DA:6,1
DA:7,0
DA:8,0
DA:9,0
DA:11,0
DA:12,0
DA:13,0
DA:14,0
DA:15,0
DA:16,0
DA:17,0
DA:20,0
DA:21,0
DA:22,0
DA:24,0
DA:25,0
DA:27,0
DA:28,0
DA:30,0
DA:31,0
DA:33,0
DA:34,0
DA:35,0
DA:36,0
DA:39,0
DA:49,0
DA:50,0
DA:56,0
DA:64,0
DA:65,0
DA:69,1
DA:70,1
DA:76,1
DA:79,0
DA:83,1
DA:84,2
DA:85,2
DA:86,2
DA:93,2
DA:94,1
DA:97,1
DA:99,0
DA:103,1
DA:104,0
DA:105,0
DA:106,0
DA:112,0
DA:114,0
DA:115,0
DA:121,0
DA:123,0
DA:128,0
DA:135,1
DA:136,0
DA:137,0
DA:138,0
DA:144,0
DA:146,0
DA:147,0
DA:153,0
DA:155,0
DA:160,0
DA:167,1
DA:168,0
DA:169,0
DA:174,0
DA:175,0
DA:176,0
DA:181,0
DA:182,0
DA:187,0
DA:193,0
DA:194,0
DA:201,0
DA:203,0
DA:209,0
DA:215,1
DA:216,0
DA:217,0
DA:219,0
DA:220,0
DA:221,0
DA:226,0
DA:227,0
DA:228,0
DA:233,0
DA:235,0
DA:239,0
DA:246,0
DA:247,0
DA:250,0
LF:95
LH:19
BRDA:8,0,0,0
BRDA:8,0,1,0
BRDA:9,1,0,0
BRDA:9,1,1,0
BRDA:21,2,0,0
BRDA:21,2,1,0
BRDA:24,3,0,0
BRDA:24,3,1,0
BRDA:27,4,0,0
BRDA:27,4,1,0
BRDA:30,5,0,0
BRDA:30,5,1,0
BRDA:33,6,0,0
BRDA:33,6,1,0
BRDA:93,7,0,1
BRDA:93,7,1,1
BRDA:105,8,0,0
BRDA:105,8,1,0
BRDA:114,9,0,0
BRDA:114,9,1,0
BRDA:137,10,0,0
BRDA:137,10,1,0
BRDA:146,11,0,0
BRDA:146,11,1,0
BRDA:175,12,0,0
BRDA:175,12,1,0
BRDA:181,13,0,0
BRDA:181,13,1,0
BRDA:181,14,0,0
BRDA:181,14,1,0
BRDA:193,15,0,0
BRDA:193,15,1,0
BRDA:220,16,0,0
BRDA:220,16,1,0
BRDA:227,17,0,0
BRDA:227,17,1,0
BRDA:246,18,0,0
BRDA:246,18,1,0
BRF:38
BRH:2
end_of_record
TN:
SF:app\services\project-services.js
FN:6,(anonymous_0)
FN:46,(anonymous_1)
FN:58,(anonymous_2)
FN:61,(anonymous_3)
FN:68,(anonymous_4)
FN:91,(anonymous_5)
FN:124,(anonymous_6)
FN:159,(anonymous_7)
FN:207,(anonymous_8)
FNF:9
FNH:8
FNDA:0,(anonymous_0)
FNDA:4,(anonymous_1)
FNDA:3,(anonymous_2)
FNDA:1,(anonymous_3)
FNDA:4,(anonymous_4)
FNDA:5,(anonymous_5)
FNDA:5,(anonymous_6)
FNDA:5,(anonymous_7)
FNDA:5,(anonymous_8)
DA:1,1
DA:2,1
DA:3,1
DA:4,1
DA:6,1
DA:7,0
DA:8,0
DA:9,0
DA:10,0
DA:12,0
DA:13,0
DA:15,0
DA:20,0
DA:21,0
DA:31,0
DA:33,0
DA:41,0
DA:42,0
DA:46,1
DA:47,4
DA:57,4
DA:59,3
DA:62,1
DA:63,1
DA:68,1
DA:69,4
DA:70,4
DA:71,4
DA:81,3
DA:82,1
DA:85,2
DA:87,1
DA:91,1
DA:92,5
DA:93,5
DA:94,1
DA:100,4
DA:102,4
DA:103,1
DA:109,3
DA:111,2
DA:116,1
DA:124,1
DA:125,5
DA:126,5
DA:127,1
DA:133,4
DA:135,4
DA:136,1
DA:142,3
DA:144,3
DA:146,2
DA:151,1
DA:159,1
DA:160,5
DA:161,5
DA:166,5
DA:167,5
DA:168,1
DA:173,4
DA:174,1
DA:179,3
DA:185,3
DA:186,1
DA:193,2
DA:195,1
DA:201,1
DA:207,1
DA:208,5
DA:209,5
DA:211,5
DA:212,5
DA:213,1
DA:218,4
DA:219,4
DA:220,1
DA:225,3
DA:227,2
DA:231,1
LF:79
LH:66
BRDA:8,0,0,0
BRDA:8,0,1,0
BRDA:9,1,0,0
BRDA:9,1,1,0
BRDA:20,2,0,0
BRDA:20,2,1,0
BRDA:81,3,0,1
BRDA:81,3,1,2
BRDA:93,4,0,1
BRDA:93,4,1,4
BRDA:102,5,0,1
BRDA:102,5,1,3
BRDA:126,6,0,1
BRDA:126,6,1,4
BRDA:135,7,0,1
BRDA:135,7,1,3
BRDA:167,8,0,1
BRDA:167,8,1,4
BRDA:173,9,0,1
BRDA:173,9,1,3
BRDA:173,10,0,4
BRDA:173,10,1,4
BRDA:185,11,0,1
BRDA:185,11,1,2
BRDA:212,12,0,1
BRDA:212,12,1,4
BRDA:219,13,0,1
BRDA:219,13,1,3
BRF:28
BRH:22
end_of_record
TN:
SF:app\services\task-services.js
FN:9,(anonymous_0)
FN:51,(anonymous_1)
FN:89,(anonymous_2)
FN:152,(anonymous_3)
FN:190,(anonymous_4)
FN:263,(anonymous_5)
FNF:6
FNH:4
FNDA:0,(anonymous_0)
FNDA:0,(anonymous_1)
FNDA:2,(anonymous_2)
FNDA:2,(anonymous_3)
FNDA:3,(anonymous_4)
FNDA:3,(anonymous_5)
DA:1,1
DA:2,1
DA:3,1
DA:4,1
DA:5,1
DA:6,1
DA:7,1
DA:9,1
DA:10,0
DA:11,0
DA:12,0
DA:13,0
DA:14,0
DA:16,0
DA:17,0
DA:18,0
DA:19,0
DA:20,0
DA:21,0
DA:23,0
DA:24,0
DA:25,0
DA:27,0
DA:28,0
DA:30,0
DA:31,0
DA:33,0
DA:34,0
DA:36,0
DA:37,0
DA:38,0
DA:39,0
DA:41,0
DA:42,0
DA:45,0
DA:51,0
DA:52,0
DA:76,0
DA:84,0
DA:85,0
DA:89,1
DA:90,2
DA:91,2
DA:92,0
DA:97,2
DA:99,2
DA:100,1
DA:105,1
DA:106,1
DA:111,0
DA:125,0
DA:128,0
DA:130,0
DA:138,0
DA:141,0
DA:143,0
DA:147,0
DA:148,0
DA:152,1
DA:153,2
DA:154,2
DA:155,2
DA:157,2
DA:158,1
DA:161,1
DA:184,1
DA:186,0
DA:190,1
DA:191,3
DA:192,3
DA:193,1
DA:198,2
DA:200,2
DA:201,1
DA:207,1
DA:224,1
DA:227,1
DA:230,1
DA:232,1
DA:240,1
DA:248,1
DA:251,1
DA:254,1
DA:258,0
DA:259,0
DA:263,1
DA:264,3
DA:265,3
DA:266,1
DA:272,2
DA:274,2
DA:275,1
DA:281,1
DA:283,1
DA:288,0
DA:289,0
LF:96
LH:49
BRDA:11,0,0,0
BRDA:11,0,1,0
BRDA:12,1,0,0
BRDA:12,1,1,0
BRDA:24,2,0,0
BRDA:24,2,1,0
BRDA:27,3,0,0
BRDA:27,3,1,0
BRDA:30,4,0,0
BRDA:30,4,1,0
BRDA:33,5,0,0
BRDA:33,5,1,0
BRDA:36,6,0,0
BRDA:36,6,1,0
BRDA:41,7,0,0
BRDA:41,7,1,0
BRDA:91,8,0,0
BRDA:91,8,1,2
BRDA:99,9,0,1
BRDA:99,9,1,1
BRDA:105,10,0,1
BRDA:105,10,1,0
BRDA:157,11,0,1
BRDA:157,11,1,1
BRDA:192,12,0,1
BRDA:192,12,1,2
BRDA:200,13,0,1
BRDA:200,13,1,1
BRDA:230,14,0,1
BRDA:230,14,1,0
BRDA:230,15,0,1
BRDA:230,15,1,1
BRDA:265,16,0,1
BRDA:265,16,1,2
BRDA:274,17,0,1
BRDA:274,17,1,1
BRF:36
BRH:17
end_of_record
TN:
SF:app\services\user-services.js
FN:7,(anonymous_0)
FN:69,(anonymous_1)
FN:86,(anonymous_2)
FN:127,(anonymous_3)
FNF:4
FNH:1
FNDA:0,(anonymous_0)
FNDA:3,(anonymous_1)
FNDA:0,(anonymous_2)
FNDA:0,(anonymous_3)
DA:1,1
DA:2,1
DA:3,1
DA:5,1
DA:7,1
DA:8,0
DA:9,0
DA:10,0
DA:12,0
DA:13,0
DA:14,0
DA:15,0
DA:16,0
DA:17,0
DA:18,0
DA:19,0
DA:20,0
DA:23,0
DA:24,0
DA:25,0
DA:27,0
DA:28,0
DA:30,0
DA:31,0
DA:33,0
DA:34,0
DA:36,0
DA:37,0
DA:39,0
DA:40,0
DA:41,0
DA:42,0
DA:44,0
DA:45,0
DA:46,0
DA:47,0
DA:50,0
DA:57,0
DA:65,0
DA:69,1
DA:70,3
DA:71,3
DA:72,3
DA:74,2
DA:75,1
DA:78,1
DA:80,1
DA:82,1
DA:86,1
DA:87,0
DA:88,0
DA:89,0
DA:95,0
DA:97,0
DA:98,0
DA:104,0
DA:106,0
DA:107,0
DA:109,0
DA:110,0
DA:113,0
DA:115,0
DA:120,0
DA:127,1
DA:128,0
DA:129,0
DA:130,0
DA:136,0
DA:138,0
DA:139,0
DA:145,0
DA:147,0
DA:152,0
LF:73
LH:16
BRDA:9,0,0,0
BRDA:9,0,1,0
BRDA:10,1,0,0
BRDA:10,1,1,0
BRDA:24,2,0,0
BRDA:24,2,1,0
BRDA:27,3,0,0
BRDA:27,3,1,0
BRDA:30,4,0,0
BRDA:30,4,1,0
BRDA:33,5,0,0
BRDA:33,5,1,0
BRDA:36,6,0,0
BRDA:36,6,1,0
BRDA:39,7,0,0
BRDA:39,7,1,0
BRDA:44,8,0,0
BRDA:44,8,1,0
BRDA:74,9,0,1
BRDA:74,9,1,1
BRDA:88,10,0,0
BRDA:88,10,1,0
BRDA:97,11,0,0
BRDA:97,11,1,0
BRDA:109,12,0,0
BRDA:109,12,1,0
BRDA:129,13,0,0
BRDA:129,13,1,0
BRDA:138,14,0,0
BRDA:138,14,1,0
BRF:30
BRH:2
end_of_record
